ERROR - 2022-02-16 16:23:24 --> Error connecting to the database: No connection could be made because the target machine actively refused it
CRITICAL - 2022-02-16 16:23:24 --> Unable to connect to the database.
Main connection [MySQLi]: No connection could be made because the target machine actively refused it
#0 C:\xampp\htdocs\bappeda2\vendor\codeigniter4\framework\system\Database\BaseConnection.php(577): CodeIgniter\Database\BaseConnection->initialize()
#1 C:\xampp\htdocs\bappeda2\vendor\codeigniter4\framework\system\Database\BaseBuilder.php(1539): CodeIgniter\Database\BaseConnection->query('SELECT COUNT(*)...', Array, false)
#2 C:\xampp\htdocs\bappeda2\vendor\codeigniter4\framework\system\Model.php(509): CodeIgniter\Database\BaseBuilder->countAllResults(false)
#3 C:\xampp\htdocs\bappeda2\vendor\codeigniter4\framework\system\BaseModel.php(1084): CodeIgniter\Model->countAllResults(false)
#4 C:\xampp\htdocs\bappeda2\app\Controllers\CFrontend.php(51): CodeIgniter\BaseModel->paginate(10, 'publikasi')
#5 C:\xampp\htdocs\bappeda2\vendor\codeigniter4\framework\system\CodeIgniter.php(825): App\Controllers\CFrontend->publikasi()
#6 C:\xampp\htdocs\bappeda2\vendor\codeigniter4\framework\system\CodeIgniter.php(412): CodeIgniter\CodeIgniter->runController(Object(App\Controllers\CFrontend))
#7 C:\xampp\htdocs\bappeda2\vendor\codeigniter4\framework\system\CodeIgniter.php(320): CodeIgniter\CodeIgniter->handleRequest(NULL, Object(Config\Cache), false)
#8 C:\xampp\htdocs\bappeda2\public\index.php(37): CodeIgniter\CodeIgniter->run()
#9 C:\xampp\htdocs\bappeda2\vendor\codeigniter4\framework\system\Commands\Server\rewrite.php(43): require_once('C:\\xampp\\htdocs...')
#10 {main}
CRITICAL - 2022-02-16 16:34:19 --> syntax error, unexpected token ":", expecting ")"
#0 C:\xampp\htdocs\bappeda2\vendor\codeigniter4\framework\system\View\View.php(213): CodeIgniter\View\View->CodeIgniter\View\{closure}()
#1 C:\xampp\htdocs\bappeda2\vendor\codeigniter4\framework\system\Common.php(1089): CodeIgniter\View\View->render('frontend/templa...', Array, true)
#2 C:\xampp\htdocs\bappeda2\app\Views\frontend\template\wraper.php(2): view('frontend/templa...')
#3 C:\xampp\htdocs\bappeda2\vendor\codeigniter4\framework\system\View\View.php(210): include('C:\\xampp\\htdocs...')
#4 C:\xampp\htdocs\bappeda2\vendor\codeigniter4\framework\system\View\View.php(213): CodeIgniter\View\View->CodeIgniter\View\{closure}()
#5 C:\xampp\htdocs\bappeda2\vendor\codeigniter4\framework\system\Common.php(1089): CodeIgniter\View\View->render('frontend/templa...', Array, true)
#6 C:\xampp\htdocs\bappeda2\app\Controllers\CFrontend.php(14): view('frontend/templa...', Array)
#7 C:\xampp\htdocs\bappeda2\vendor\codeigniter4\framework\system\CodeIgniter.php(825): App\Controllers\CFrontend->index()
#8 C:\xampp\htdocs\bappeda2\vendor\codeigniter4\framework\system\CodeIgniter.php(412): CodeIgniter\CodeIgniter->runController(Object(App\Controllers\CFrontend))
#9 C:\xampp\htdocs\bappeda2\vendor\codeigniter4\framework\system\CodeIgniter.php(320): CodeIgniter\CodeIgniter->handleRequest(NULL, Object(Config\Cache), false)
#10 C:\xampp\htdocs\bappeda2\public\index.php(37): CodeIgniter\CodeIgniter->run()
#11 C:\xampp\htdocs\bappeda2\vendor\codeigniter4\framework\system\Commands\Server\rewrite.php(43): require_once('C:\\xampp\\htdocs...')
#12 {main}
CRITICAL - 2022-02-16 16:43:54 --> Too few arguments to function App\Controllers\publikasi::delete(), 0 passed in C:\xampp\htdocs\bappeda2\vendor\codeigniter4\framework\system\CodeIgniter.php on line 825 and exactly 1 expected
#0 C:\xampp\htdocs\bappeda2\vendor\codeigniter4\framework\system\CodeIgniter.php(825): App\Controllers\publikasi->delete()
#1 C:\xampp\htdocs\bappeda2\vendor\codeigniter4\framework\system\CodeIgniter.php(412): CodeIgniter\CodeIgniter->runController(Object(App\Controllers\publikasi))
#2 C:\xampp\htdocs\bappeda2\vendor\codeigniter4\framework\system\CodeIgniter.php(320): CodeIgniter\CodeIgniter->handleRequest(NULL, Object(Config\Cache), false)
#3 C:\xampp\htdocs\bappeda2\public\index.php(37): CodeIgniter\CodeIgniter->run()
#4 C:\xampp\htdocs\bappeda2\vendor\codeigniter4\framework\system\Commands\Server\rewrite.php(43): require_once('C:\\xampp\\htdocs...')
#5 {main}
CRITICAL - 2022-02-16 16:48:08 --> Deletes are not allowed unless they contain a "where" or "like" clause.
#0 C:\xampp\htdocs\bappeda2\vendor\codeigniter4\framework\system\Model.php(359): CodeIgniter\Database\BaseBuilder->delete()
#1 C:\xampp\htdocs\bappeda2\vendor\codeigniter4\framework\system\BaseModel.php(963): CodeIgniter\Model->doDelete(NULL, false)
#2 C:\xampp\htdocs\bappeda2\app\Controllers\publikasi.php(94): CodeIgniter\BaseModel->delete()
#3 C:\xampp\htdocs\bappeda2\vendor\codeigniter4\framework\system\CodeIgniter.php(825): App\Controllers\publikasi->delete('21')
#4 C:\xampp\htdocs\bappeda2\vendor\codeigniter4\framework\system\CodeIgniter.php(412): CodeIgniter\CodeIgniter->runController(Object(App\Controllers\publikasi))
#5 C:\xampp\htdocs\bappeda2\vendor\codeigniter4\framework\system\CodeIgniter.php(320): CodeIgniter\CodeIgniter->handleRequest(NULL, Object(Config\Cache), false)
#6 C:\xampp\htdocs\bappeda2\public\index.php(37): CodeIgniter\CodeIgniter->run()
#7 C:\xampp\htdocs\bappeda2\vendor\codeigniter4\framework\system\Commands\Server\rewrite.php(43): require_once('C:\\xampp\\htdocs...')
#8 {main}
CRITICAL - 2022-02-16 16:50:05 --> Deletes are not allowed unless they contain a "where" or "like" clause.
#0 C:\xampp\htdocs\bappeda2\vendor\codeigniter4\framework\system\Model.php(359): CodeIgniter\Database\BaseBuilder->delete()
#1 C:\xampp\htdocs\bappeda2\vendor\codeigniter4\framework\system\BaseModel.php(963): CodeIgniter\Model->doDelete(NULL, false)
#2 C:\xampp\htdocs\bappeda2\app\Controllers\publikasi.php(94): CodeIgniter\BaseModel->delete()
#3 C:\xampp\htdocs\bappeda2\vendor\codeigniter4\framework\system\CodeIgniter.php(825): App\Controllers\publikasi->delete('20')
#4 C:\xampp\htdocs\bappeda2\vendor\codeigniter4\framework\system\CodeIgniter.php(412): CodeIgniter\CodeIgniter->runController(Object(App\Controllers\publikasi))
#5 C:\xampp\htdocs\bappeda2\vendor\codeigniter4\framework\system\CodeIgniter.php(320): CodeIgniter\CodeIgniter->handleRequest(NULL, Object(Config\Cache), false)
#6 C:\xampp\htdocs\bappeda2\public\index.php(37): CodeIgniter\CodeIgniter->run()
#7 C:\xampp\htdocs\bappeda2\vendor\codeigniter4\framework\system\Commands\Server\rewrite.php(43): require_once('C:\\xampp\\htdocs...')
#8 {main}
CRITICAL - 2022-02-16 17:10:06 --> Call to undefined method App\Models\PublikasiModel::getpublikasi
#0 C:\xampp\htdocs\bappeda2\app\Controllers\publikasi.php(105): CodeIgniter\Model->__call('getpublikasi', Array)
#1 C:\xampp\htdocs\bappeda2\vendor\codeigniter4\framework\system\CodeIgniter.php(825): App\Controllers\publikasi->edit('24')
#2 C:\xampp\htdocs\bappeda2\vendor\codeigniter4\framework\system\CodeIgniter.php(412): CodeIgniter\CodeIgniter->runController(Object(App\Controllers\publikasi))
#3 C:\xampp\htdocs\bappeda2\vendor\codeigniter4\framework\system\CodeIgniter.php(320): CodeIgniter\CodeIgniter->handleRequest(NULL, Object(Config\Cache), false)
#4 C:\xampp\htdocs\bappeda2\public\index.php(37): CodeIgniter\CodeIgniter->run()
#5 C:\xampp\htdocs\bappeda2\vendor\codeigniter4\framework\system\Commands\Server\rewrite.php(43): require_once('C:\\xampp\\htdocs...')
#6 {main}
CRITICAL - 2022-02-16 17:16:20 --> Trying to access array offset on value of type null
#0 C:\xampp\htdocs\bappeda2\app\Views\backend\pages\form\editpublikasi.php(37): CodeIgniter\Debug\Exceptions->errorHandler(2, 'Trying to acces...', 'C:\\xampp\\htdocs...', 37)
#1 C:\xampp\htdocs\bappeda2\vendor\codeigniter4\framework\system\View\View.php(210): include('C:\\xampp\\htdocs...')
#2 C:\xampp\htdocs\bappeda2\vendor\codeigniter4\framework\system\View\View.php(213): CodeIgniter\View\View->CodeIgniter\View\{closure}()
#3 C:\xampp\htdocs\bappeda2\vendor\codeigniter4\framework\system\Common.php(1089): CodeIgniter\View\View->render('backend/pages/f...', Array, true)
#4 C:\xampp\htdocs\bappeda2\app\Views\backend\template\content.php(1): view('backend/pages/f...')
#5 C:\xampp\htdocs\bappeda2\vendor\codeigniter4\framework\system\View\View.php(210): include('C:\\xampp\\htdocs...')
#6 C:\xampp\htdocs\bappeda2\vendor\codeigniter4\framework\system\View\View.php(213): CodeIgniter\View\View->CodeIgniter\View\{closure}()
#7 C:\xampp\htdocs\bappeda2\vendor\codeigniter4\framework\system\Common.php(1089): CodeIgniter\View\View->render('backend/templat...', Array, true)
#8 C:\xampp\htdocs\bappeda2\app\Views\backend\template\wraper.php(3): view('backend/templat...')
#9 C:\xampp\htdocs\bappeda2\vendor\codeigniter4\framework\system\View\View.php(210): include('C:\\xampp\\htdocs...')
#10 C:\xampp\htdocs\bappeda2\vendor\codeigniter4\framework\system\View\View.php(213): CodeIgniter\View\View->CodeIgniter\View\{closure}()
#11 C:\xampp\htdocs\bappeda2\vendor\codeigniter4\framework\system\Common.php(1089): CodeIgniter\View\View->render('backend/templat...', Array, true)
#12 C:\xampp\htdocs\bappeda2\app\Controllers\publikasi.php(108): view('backend/templat...', Array)
#13 C:\xampp\htdocs\bappeda2\vendor\codeigniter4\framework\system\CodeIgniter.php(825): App\Controllers\publikasi->edit('24')
#14 C:\xampp\htdocs\bappeda2\vendor\codeigniter4\framework\system\CodeIgniter.php(412): CodeIgniter\CodeIgniter->runController(Object(App\Controllers\publikasi))
#15 C:\xampp\htdocs\bappeda2\vendor\codeigniter4\framework\system\CodeIgniter.php(320): CodeIgniter\CodeIgniter->handleRequest(NULL, Object(Config\Cache), false)
#16 C:\xampp\htdocs\bappeda2\public\index.php(37): CodeIgniter\CodeIgniter->run()
#17 C:\xampp\htdocs\bappeda2\vendor\codeigniter4\framework\system\Commands\Server\rewrite.php(43): require_once('C:\\xampp\\htdocs...')
#18 {main}
CRITICAL - 2022-02-16 17:16:25 --> Trying to access array offset on value of type null
#0 C:\xampp\htdocs\bappeda2\app\Views\backend\pages\form\editpublikasi.php(37): CodeIgniter\Debug\Exceptions->errorHandler(2, 'Trying to acces...', 'C:\\xampp\\htdocs...', 37)
#1 C:\xampp\htdocs\bappeda2\vendor\codeigniter4\framework\system\View\View.php(210): include('C:\\xampp\\htdocs...')
#2 C:\xampp\htdocs\bappeda2\vendor\codeigniter4\framework\system\View\View.php(213): CodeIgniter\View\View->CodeIgniter\View\{closure}()
#3 C:\xampp\htdocs\bappeda2\vendor\codeigniter4\framework\system\Common.php(1089): CodeIgniter\View\View->render('backend/pages/f...', Array, true)
#4 C:\xampp\htdocs\bappeda2\app\Views\backend\template\content.php(1): view('backend/pages/f...')
#5 C:\xampp\htdocs\bappeda2\vendor\codeigniter4\framework\system\View\View.php(210): include('C:\\xampp\\htdocs...')
#6 C:\xampp\htdocs\bappeda2\vendor\codeigniter4\framework\system\View\View.php(213): CodeIgniter\View\View->CodeIgniter\View\{closure}()
#7 C:\xampp\htdocs\bappeda2\vendor\codeigniter4\framework\system\Common.php(1089): CodeIgniter\View\View->render('backend/templat...', Array, true)
#8 C:\xampp\htdocs\bappeda2\app\Views\backend\template\wraper.php(3): view('backend/templat...')
#9 C:\xampp\htdocs\bappeda2\vendor\codeigniter4\framework\system\View\View.php(210): include('C:\\xampp\\htdocs...')
#10 C:\xampp\htdocs\bappeda2\vendor\codeigniter4\framework\system\View\View.php(213): CodeIgniter\View\View->CodeIgniter\View\{closure}()
#11 C:\xampp\htdocs\bappeda2\vendor\codeigniter4\framework\system\Common.php(1089): CodeIgniter\View\View->render('backend/templat...', Array, true)
#12 C:\xampp\htdocs\bappeda2\app\Controllers\publikasi.php(108): view('backend/templat...', Array)
#13 C:\xampp\htdocs\bappeda2\vendor\codeigniter4\framework\system\CodeIgniter.php(825): App\Controllers\publikasi->edit('24')
#14 C:\xampp\htdocs\bappeda2\vendor\codeigniter4\framework\system\CodeIgniter.php(412): CodeIgniter\CodeIgniter->runController(Object(App\Controllers\publikasi))
#15 C:\xampp\htdocs\bappeda2\vendor\codeigniter4\framework\system\CodeIgniter.php(320): CodeIgniter\CodeIgniter->handleRequest(NULL, Object(Config\Cache), false)
#16 C:\xampp\htdocs\bappeda2\public\index.php(37): CodeIgniter\CodeIgniter->run()
#17 C:\xampp\htdocs\bappeda2\vendor\codeigniter4\framework\system\Commands\Server\rewrite.php(43): require_once('C:\\xampp\\htdocs...')
#18 {main}
CRITICAL - 2022-02-16 17:17:00 --> Trying to access array offset on value of type null
#0 C:\xampp\htdocs\bappeda2\app\Views\backend\pages\form\editpublikasi.php(37): CodeIgniter\Debug\Exceptions->errorHandler(2, 'Trying to acces...', 'C:\\xampp\\htdocs...', 37)
#1 C:\xampp\htdocs\bappeda2\vendor\codeigniter4\framework\system\View\View.php(210): include('C:\\xampp\\htdocs...')
#2 C:\xampp\htdocs\bappeda2\vendor\codeigniter4\framework\system\View\View.php(213): CodeIgniter\View\View->CodeIgniter\View\{closure}()
#3 C:\xampp\htdocs\bappeda2\vendor\codeigniter4\framework\system\Common.php(1089): CodeIgniter\View\View->render('backend/pages/f...', Array, true)
#4 C:\xampp\htdocs\bappeda2\app\Views\backend\template\content.php(1): view('backend/pages/f...')
#5 C:\xampp\htdocs\bappeda2\vendor\codeigniter4\framework\system\View\View.php(210): include('C:\\xampp\\htdocs...')
#6 C:\xampp\htdocs\bappeda2\vendor\codeigniter4\framework\system\View\View.php(213): CodeIgniter\View\View->CodeIgniter\View\{closure}()
#7 C:\xampp\htdocs\bappeda2\vendor\codeigniter4\framework\system\Common.php(1089): CodeIgniter\View\View->render('backend/templat...', Array, true)
#8 C:\xampp\htdocs\bappeda2\app\Views\backend\template\wraper.php(3): view('backend/templat...')
#9 C:\xampp\htdocs\bappeda2\vendor\codeigniter4\framework\system\View\View.php(210): include('C:\\xampp\\htdocs...')
#10 C:\xampp\htdocs\bappeda2\vendor\codeigniter4\framework\system\View\View.php(213): CodeIgniter\View\View->CodeIgniter\View\{closure}()
#11 C:\xampp\htdocs\bappeda2\vendor\codeigniter4\framework\system\Common.php(1089): CodeIgniter\View\View->render('backend/templat...', Array, true)
#12 C:\xampp\htdocs\bappeda2\app\Controllers\publikasi.php(108): view('backend/templat...', Array)
#13 C:\xampp\htdocs\bappeda2\vendor\codeigniter4\framework\system\CodeIgniter.php(825): App\Controllers\publikasi->edit('24')
#14 C:\xampp\htdocs\bappeda2\vendor\codeigniter4\framework\system\CodeIgniter.php(412): CodeIgniter\CodeIgniter->runController(Object(App\Controllers\publikasi))
#15 C:\xampp\htdocs\bappeda2\vendor\codeigniter4\framework\system\CodeIgniter.php(320): CodeIgniter\CodeIgniter->handleRequest(NULL, Object(Config\Cache), false)
#16 C:\xampp\htdocs\bappeda2\public\index.php(37): CodeIgniter\CodeIgniter->run()
#17 C:\xampp\htdocs\bappeda2\vendor\codeigniter4\framework\system\Commands\Server\rewrite.php(43): require_once('C:\\xampp\\htdocs...')
#18 {main}
CRITICAL - 2022-02-16 17:17:04 --> Trying to access array offset on value of type null
#0 C:\xampp\htdocs\bappeda2\app\Views\backend\pages\form\editpublikasi.php(37): CodeIgniter\Debug\Exceptions->errorHandler(2, 'Trying to acces...', 'C:\\xampp\\htdocs...', 37)
#1 C:\xampp\htdocs\bappeda2\vendor\codeigniter4\framework\system\View\View.php(210): include('C:\\xampp\\htdocs...')
#2 C:\xampp\htdocs\bappeda2\vendor\codeigniter4\framework\system\View\View.php(213): CodeIgniter\View\View->CodeIgniter\View\{closure}()
#3 C:\xampp\htdocs\bappeda2\vendor\codeigniter4\framework\system\Common.php(1089): CodeIgniter\View\View->render('backend/pages/f...', Array, true)
#4 C:\xampp\htdocs\bappeda2\app\Views\backend\template\content.php(1): view('backend/pages/f...')
#5 C:\xampp\htdocs\bappeda2\vendor\codeigniter4\framework\system\View\View.php(210): include('C:\\xampp\\htdocs...')
#6 C:\xampp\htdocs\bappeda2\vendor\codeigniter4\framework\system\View\View.php(213): CodeIgniter\View\View->CodeIgniter\View\{closure}()
#7 C:\xampp\htdocs\bappeda2\vendor\codeigniter4\framework\system\Common.php(1089): CodeIgniter\View\View->render('backend/templat...', Array, true)
#8 C:\xampp\htdocs\bappeda2\app\Views\backend\template\wraper.php(3): view('backend/templat...')
#9 C:\xampp\htdocs\bappeda2\vendor\codeigniter4\framework\system\View\View.php(210): include('C:\\xampp\\htdocs...')
#10 C:\xampp\htdocs\bappeda2\vendor\codeigniter4\framework\system\View\View.php(213): CodeIgniter\View\View->CodeIgniter\View\{closure}()
#11 C:\xampp\htdocs\bappeda2\vendor\codeigniter4\framework\system\Common.php(1089): CodeIgniter\View\View->render('backend/templat...', Array, true)
#12 C:\xampp\htdocs\bappeda2\app\Controllers\publikasi.php(108): view('backend/templat...', Array)
#13 C:\xampp\htdocs\bappeda2\vendor\codeigniter4\framework\system\CodeIgniter.php(825): App\Controllers\publikasi->edit('24')
#14 C:\xampp\htdocs\bappeda2\vendor\codeigniter4\framework\system\CodeIgniter.php(412): CodeIgniter\CodeIgniter->runController(Object(App\Controllers\publikasi))
#15 C:\xampp\htdocs\bappeda2\vendor\codeigniter4\framework\system\CodeIgniter.php(320): CodeIgniter\CodeIgniter->handleRequest(NULL, Object(Config\Cache), false)
#16 C:\xampp\htdocs\bappeda2\public\index.php(37): CodeIgniter\CodeIgniter->run()
#17 C:\xampp\htdocs\bappeda2\vendor\codeigniter4\framework\system\Commands\Server\rewrite.php(43): require_once('C:\\xampp\\htdocs...')
#18 {main}
CRITICAL - 2022-02-16 17:17:27 --> Trying to access array offset on value of type null
#0 C:\xampp\htdocs\bappeda2\app\Views\backend\pages\form\editpublikasi.php(37): CodeIgniter\Debug\Exceptions->errorHandler(2, 'Trying to acces...', 'C:\\xampp\\htdocs...', 37)
#1 C:\xampp\htdocs\bappeda2\vendor\codeigniter4\framework\system\View\View.php(210): include('C:\\xampp\\htdocs...')
#2 C:\xampp\htdocs\bappeda2\vendor\codeigniter4\framework\system\View\View.php(213): CodeIgniter\View\View->CodeIgniter\View\{closure}()
#3 C:\xampp\htdocs\bappeda2\vendor\codeigniter4\framework\system\Common.php(1089): CodeIgniter\View\View->render('backend/pages/f...', Array, true)
#4 C:\xampp\htdocs\bappeda2\app\Views\backend\template\content.php(1): view('backend/pages/f...')
#5 C:\xampp\htdocs\bappeda2\vendor\codeigniter4\framework\system\View\View.php(210): include('C:\\xampp\\htdocs...')
#6 C:\xampp\htdocs\bappeda2\vendor\codeigniter4\framework\system\View\View.php(213): CodeIgniter\View\View->CodeIgniter\View\{closure}()
#7 C:\xampp\htdocs\bappeda2\vendor\codeigniter4\framework\system\Common.php(1089): CodeIgniter\View\View->render('backend/templat...', Array, true)
#8 C:\xampp\htdocs\bappeda2\app\Views\backend\template\wraper.php(3): view('backend/templat...')
#9 C:\xampp\htdocs\bappeda2\vendor\codeigniter4\framework\system\View\View.php(210): include('C:\\xampp\\htdocs...')
#10 C:\xampp\htdocs\bappeda2\vendor\codeigniter4\framework\system\View\View.php(213): CodeIgniter\View\View->CodeIgniter\View\{closure}()
#11 C:\xampp\htdocs\bappeda2\vendor\codeigniter4\framework\system\Common.php(1089): CodeIgniter\View\View->render('backend/templat...', Array, true)
#12 C:\xampp\htdocs\bappeda2\app\Controllers\publikasi.php(108): view('backend/templat...', Array)
#13 C:\xampp\htdocs\bappeda2\vendor\codeigniter4\framework\system\CodeIgniter.php(825): App\Controllers\publikasi->edit('24')
#14 C:\xampp\htdocs\bappeda2\vendor\codeigniter4\framework\system\CodeIgniter.php(412): CodeIgniter\CodeIgniter->runController(Object(App\Controllers\publikasi))
#15 C:\xampp\htdocs\bappeda2\vendor\codeigniter4\framework\system\CodeIgniter.php(320): CodeIgniter\CodeIgniter->handleRequest(NULL, Object(Config\Cache), false)
#16 C:\xampp\htdocs\bappeda2\public\index.php(37): CodeIgniter\CodeIgniter->run()
#17 C:\xampp\htdocs\bappeda2\vendor\codeigniter4\framework\system\Commands\Server\rewrite.php(43): require_once('C:\\xampp\\htdocs...')
#18 {main}
CRITICAL - 2022-02-16 18:13:11 --> Trying to access array offset on value of type null
#0 C:\xampp\htdocs\bappeda2\app\Views\backend\pages\form\editpublikasi.php(37): CodeIgniter\Debug\Exceptions->errorHandler(2, 'Trying to acces...', 'C:\\xampp\\htdocs...', 37)
#1 C:\xampp\htdocs\bappeda2\vendor\codeigniter4\framework\system\View\View.php(210): include('C:\\xampp\\htdocs...')
#2 C:\xampp\htdocs\bappeda2\vendor\codeigniter4\framework\system\View\View.php(213): CodeIgniter\View\View->CodeIgniter\View\{closure}()
#3 C:\xampp\htdocs\bappeda2\vendor\codeigniter4\framework\system\Common.php(1089): CodeIgniter\View\View->render('backend/pages/f...', Array, true)
#4 C:\xampp\htdocs\bappeda2\app\Views\backend\template\content.php(1): view('backend/pages/f...')
#5 C:\xampp\htdocs\bappeda2\vendor\codeigniter4\framework\system\View\View.php(210): include('C:\\xampp\\htdocs...')
#6 C:\xampp\htdocs\bappeda2\vendor\codeigniter4\framework\system\View\View.php(213): CodeIgniter\View\View->CodeIgniter\View\{closure}()
#7 C:\xampp\htdocs\bappeda2\vendor\codeigniter4\framework\system\Common.php(1089): CodeIgniter\View\View->render('backend/templat...', Array, true)
#8 C:\xampp\htdocs\bappeda2\app\Views\backend\template\wraper.php(3): view('backend/templat...')
#9 C:\xampp\htdocs\bappeda2\vendor\codeigniter4\framework\system\View\View.php(210): include('C:\\xampp\\htdocs...')
#10 C:\xampp\htdocs\bappeda2\vendor\codeigniter4\framework\system\View\View.php(213): CodeIgniter\View\View->CodeIgniter\View\{closure}()
#11 C:\xampp\htdocs\bappeda2\vendor\codeigniter4\framework\system\Common.php(1089): CodeIgniter\View\View->render('backend/templat...', Array, true)
#12 C:\xampp\htdocs\bappeda2\app\Controllers\publikasi.php(112): view('backend/templat...', Array)
#13 C:\xampp\htdocs\bappeda2\vendor\codeigniter4\framework\system\CodeIgniter.php(825): App\Controllers\publikasi->edit('img', 'default.jpg')
#14 C:\xampp\htdocs\bappeda2\vendor\codeigniter4\framework\system\CodeIgniter.php(412): CodeIgniter\CodeIgniter->runController(Object(App\Controllers\publikasi))
#15 C:\xampp\htdocs\bappeda2\vendor\codeigniter4\framework\system\CodeIgniter.php(320): CodeIgniter\CodeIgniter->handleRequest(NULL, Object(Config\Cache), false)
#16 C:\xampp\htdocs\bappeda2\public\index.php(37): CodeIgniter\CodeIgniter->run()
#17 C:\xampp\htdocs\bappeda2\vendor\codeigniter4\framework\system\Commands\Server\rewrite.php(43): require_once('C:\\xampp\\htdocs...')
#18 {main}
CRITICAL - 2022-02-16 18:13:13 --> Trying to access array offset on value of type null
#0 C:\xampp\htdocs\bappeda2\app\Views\backend\pages\form\editpublikasi.php(37): CodeIgniter\Debug\Exceptions->errorHandler(2, 'Trying to acces...', 'C:\\xampp\\htdocs...', 37)
#1 C:\xampp\htdocs\bappeda2\vendor\codeigniter4\framework\system\View\View.php(210): include('C:\\xampp\\htdocs...')
#2 C:\xampp\htdocs\bappeda2\vendor\codeigniter4\framework\system\View\View.php(213): CodeIgniter\View\View->CodeIgniter\View\{closure}()
#3 C:\xampp\htdocs\bappeda2\vendor\codeigniter4\framework\system\Common.php(1089): CodeIgniter\View\View->render('backend/pages/f...', Array, true)
#4 C:\xampp\htdocs\bappeda2\app\Views\backend\template\content.php(1): view('backend/pages/f...')
#5 C:\xampp\htdocs\bappeda2\vendor\codeigniter4\framework\system\View\View.php(210): include('C:\\xampp\\htdocs...')
#6 C:\xampp\htdocs\bappeda2\vendor\codeigniter4\framework\system\View\View.php(213): CodeIgniter\View\View->CodeIgniter\View\{closure}()
#7 C:\xampp\htdocs\bappeda2\vendor\codeigniter4\framework\system\Common.php(1089): CodeIgniter\View\View->render('backend/templat...', Array, true)
#8 C:\xampp\htdocs\bappeda2\app\Views\backend\template\wraper.php(3): view('backend/templat...')
#9 C:\xampp\htdocs\bappeda2\vendor\codeigniter4\framework\system\View\View.php(210): include('C:\\xampp\\htdocs...')
#10 C:\xampp\htdocs\bappeda2\vendor\codeigniter4\framework\system\View\View.php(213): CodeIgniter\View\View->CodeIgniter\View\{closure}()
#11 C:\xampp\htdocs\bappeda2\vendor\codeigniter4\framework\system\Common.php(1089): CodeIgniter\View\View->render('backend/templat...', Array, true)
#12 C:\xampp\htdocs\bappeda2\app\Controllers\publikasi.php(112): view('backend/templat...', Array)
#13 C:\xampp\htdocs\bappeda2\vendor\codeigniter4\framework\system\CodeIgniter.php(825): App\Controllers\publikasi->edit('img', 'default.jpg')
#14 C:\xampp\htdocs\bappeda2\vendor\codeigniter4\framework\system\CodeIgniter.php(412): CodeIgniter\CodeIgniter->runController(Object(App\Controllers\publikasi))
#15 C:\xampp\htdocs\bappeda2\vendor\codeigniter4\framework\system\CodeIgniter.php(320): CodeIgniter\CodeIgniter->handleRequest(NULL, Object(Config\Cache), false)
#16 C:\xampp\htdocs\bappeda2\public\index.php(37): CodeIgniter\CodeIgniter->run()
#17 C:\xampp\htdocs\bappeda2\vendor\codeigniter4\framework\system\Commands\Server\rewrite.php(43): require_once('C:\\xampp\\htdocs...')
#18 {main}
CRITICAL - 2022-02-16 18:13:39 --> Trying to access array offset on value of type null
#0 C:\xampp\htdocs\bappeda2\app\Views\backend\pages\form\editpublikasi.php(37): CodeIgniter\Debug\Exceptions->errorHandler(2, 'Trying to acces...', 'C:\\xampp\\htdocs...', 37)
#1 C:\xampp\htdocs\bappeda2\vendor\codeigniter4\framework\system\View\View.php(210): include('C:\\xampp\\htdocs...')
#2 C:\xampp\htdocs\bappeda2\vendor\codeigniter4\framework\system\View\View.php(213): CodeIgniter\View\View->CodeIgniter\View\{closure}()
#3 C:\xampp\htdocs\bappeda2\vendor\codeigniter4\framework\system\Common.php(1089): CodeIgniter\View\View->render('backend/pages/f...', Array, true)
#4 C:\xampp\htdocs\bappeda2\app\Views\backend\template\content.php(1): view('backend/pages/f...')
#5 C:\xampp\htdocs\bappeda2\vendor\codeigniter4\framework\system\View\View.php(210): include('C:\\xampp\\htdocs...')
#6 C:\xampp\htdocs\bappeda2\vendor\codeigniter4\framework\system\View\View.php(213): CodeIgniter\View\View->CodeIgniter\View\{closure}()
#7 C:\xampp\htdocs\bappeda2\vendor\codeigniter4\framework\system\Common.php(1089): CodeIgniter\View\View->render('backend/templat...', Array, true)
#8 C:\xampp\htdocs\bappeda2\app\Views\backend\template\wraper.php(3): view('backend/templat...')
#9 C:\xampp\htdocs\bappeda2\vendor\codeigniter4\framework\system\View\View.php(210): include('C:\\xampp\\htdocs...')
#10 C:\xampp\htdocs\bappeda2\vendor\codeigniter4\framework\system\View\View.php(213): CodeIgniter\View\View->CodeIgniter\View\{closure}()
#11 C:\xampp\htdocs\bappeda2\vendor\codeigniter4\framework\system\Common.php(1089): CodeIgniter\View\View->render('backend/templat...', Array, true)
#12 C:\xampp\htdocs\bappeda2\app\Controllers\publikasi.php(112): view('backend/templat...', Array)
#13 C:\xampp\htdocs\bappeda2\vendor\codeigniter4\framework\system\CodeIgniter.php(825): App\Controllers\publikasi->edit('img', '1645056744_0481...')
#14 C:\xampp\htdocs\bappeda2\vendor\codeigniter4\framework\system\CodeIgniter.php(412): CodeIgniter\CodeIgniter->runController(Object(App\Controllers\publikasi))
#15 C:\xampp\htdocs\bappeda2\vendor\codeigniter4\framework\system\CodeIgniter.php(320): CodeIgniter\CodeIgniter->handleRequest(NULL, Object(Config\Cache), false)
#16 C:\xampp\htdocs\bappeda2\public\index.php(37): CodeIgniter\CodeIgniter->run()
#17 C:\xampp\htdocs\bappeda2\vendor\codeigniter4\framework\system\Commands\Server\rewrite.php(43): require_once('C:\\xampp\\htdocs...')
#18 {main}
CRITICAL - 2022-02-16 18:13:40 --> Trying to access array offset on value of type null
#0 C:\xampp\htdocs\bappeda2\app\Views\backend\pages\form\editpublikasi.php(37): CodeIgniter\Debug\Exceptions->errorHandler(2, 'Trying to acces...', 'C:\\xampp\\htdocs...', 37)
#1 C:\xampp\htdocs\bappeda2\vendor\codeigniter4\framework\system\View\View.php(210): include('C:\\xampp\\htdocs...')
#2 C:\xampp\htdocs\bappeda2\vendor\codeigniter4\framework\system\View\View.php(213): CodeIgniter\View\View->CodeIgniter\View\{closure}()
#3 C:\xampp\htdocs\bappeda2\vendor\codeigniter4\framework\system\Common.php(1089): CodeIgniter\View\View->render('backend/pages/f...', Array, true)
#4 C:\xampp\htdocs\bappeda2\app\Views\backend\template\content.php(1): view('backend/pages/f...')
#5 C:\xampp\htdocs\bappeda2\vendor\codeigniter4\framework\system\View\View.php(210): include('C:\\xampp\\htdocs...')
#6 C:\xampp\htdocs\bappeda2\vendor\codeigniter4\framework\system\View\View.php(213): CodeIgniter\View\View->CodeIgniter\View\{closure}()
#7 C:\xampp\htdocs\bappeda2\vendor\codeigniter4\framework\system\Common.php(1089): CodeIgniter\View\View->render('backend/templat...', Array, true)
#8 C:\xampp\htdocs\bappeda2\app\Views\backend\template\wraper.php(3): view('backend/templat...')
#9 C:\xampp\htdocs\bappeda2\vendor\codeigniter4\framework\system\View\View.php(210): include('C:\\xampp\\htdocs...')
#10 C:\xampp\htdocs\bappeda2\vendor\codeigniter4\framework\system\View\View.php(213): CodeIgniter\View\View->CodeIgniter\View\{closure}()
#11 C:\xampp\htdocs\bappeda2\vendor\codeigniter4\framework\system\Common.php(1089): CodeIgniter\View\View->render('backend/templat...', Array, true)
#12 C:\xampp\htdocs\bappeda2\app\Controllers\publikasi.php(112): view('backend/templat...', Array)
#13 C:\xampp\htdocs\bappeda2\vendor\codeigniter4\framework\system\CodeIgniter.php(825): App\Controllers\publikasi->edit('img', '1645056744_0481...')
#14 C:\xampp\htdocs\bappeda2\vendor\codeigniter4\framework\system\CodeIgniter.php(412): CodeIgniter\CodeIgniter->runController(Object(App\Controllers\publikasi))
#15 C:\xampp\htdocs\bappeda2\vendor\codeigniter4\framework\system\CodeIgniter.php(320): CodeIgniter\CodeIgniter->handleRequest(NULL, Object(Config\Cache), false)
#16 C:\xampp\htdocs\bappeda2\public\index.php(37): CodeIgniter\CodeIgniter->run()
#17 C:\xampp\htdocs\bappeda2\vendor\codeigniter4\framework\system\Commands\Server\rewrite.php(43): require_once('C:\\xampp\\htdocs...')
#18 {main}
CRITICAL - 2022-02-16 18:14:02 --> Trying to access array offset on value of type null
#0 C:\xampp\htdocs\bappeda2\app\Views\backend\pages\form\editpublikasi.php(37): CodeIgniter\Debug\Exceptions->errorHandler(2, 'Trying to acces...', 'C:\\xampp\\htdocs...', 37)
#1 C:\xampp\htdocs\bappeda2\vendor\codeigniter4\framework\system\View\View.php(210): include('C:\\xampp\\htdocs...')
#2 C:\xampp\htdocs\bappeda2\vendor\codeigniter4\framework\system\View\View.php(213): CodeIgniter\View\View->CodeIgniter\View\{closure}()
#3 C:\xampp\htdocs\bappeda2\vendor\codeigniter4\framework\system\Common.php(1089): CodeIgniter\View\View->render('backend/pages/f...', Array, true)
#4 C:\xampp\htdocs\bappeda2\app\Views\backend\template\content.php(1): view('backend/pages/f...')
#5 C:\xampp\htdocs\bappeda2\vendor\codeigniter4\framework\system\View\View.php(210): include('C:\\xampp\\htdocs...')
#6 C:\xampp\htdocs\bappeda2\vendor\codeigniter4\framework\system\View\View.php(213): CodeIgniter\View\View->CodeIgniter\View\{closure}()
#7 C:\xampp\htdocs\bappeda2\vendor\codeigniter4\framework\system\Common.php(1089): CodeIgniter\View\View->render('backend/templat...', Array, true)
#8 C:\xampp\htdocs\bappeda2\app\Views\backend\template\wraper.php(3): view('backend/templat...')
#9 C:\xampp\htdocs\bappeda2\vendor\codeigniter4\framework\system\View\View.php(210): include('C:\\xampp\\htdocs...')
#10 C:\xampp\htdocs\bappeda2\vendor\codeigniter4\framework\system\View\View.php(213): CodeIgniter\View\View->CodeIgniter\View\{closure}()
#11 C:\xampp\htdocs\bappeda2\vendor\codeigniter4\framework\system\Common.php(1089): CodeIgniter\View\View->render('backend/templat...', Array, true)
#12 C:\xampp\htdocs\bappeda2\app\Controllers\publikasi.php(112): view('backend/templat...', Array)
#13 C:\xampp\htdocs\bappeda2\vendor\codeigniter4\framework\system\CodeIgniter.php(825): App\Controllers\publikasi->edit('img', '1645056744_0481...')
#14 C:\xampp\htdocs\bappeda2\vendor\codeigniter4\framework\system\CodeIgniter.php(412): CodeIgniter\CodeIgniter->runController(Object(App\Controllers\publikasi))
#15 C:\xampp\htdocs\bappeda2\vendor\codeigniter4\framework\system\CodeIgniter.php(320): CodeIgniter\CodeIgniter->handleRequest(NULL, Object(Config\Cache), false)
#16 C:\xampp\htdocs\bappeda2\public\index.php(37): CodeIgniter\CodeIgniter->run()
#17 C:\xampp\htdocs\bappeda2\vendor\codeigniter4\framework\system\Commands\Server\rewrite.php(43): require_once('C:\\xampp\\htdocs...')
#18 {main}
CRITICAL - 2022-02-16 18:14:25 --> Trying to access array offset on value of type null
#0 C:\xampp\htdocs\bappeda2\app\Views\backend\pages\form\editpublikasi.php(37): CodeIgniter\Debug\Exceptions->errorHandler(2, 'Trying to acces...', 'C:\\xampp\\htdocs...', 37)
#1 C:\xampp\htdocs\bappeda2\vendor\codeigniter4\framework\system\View\View.php(210): include('C:\\xampp\\htdocs...')
#2 C:\xampp\htdocs\bappeda2\vendor\codeigniter4\framework\system\View\View.php(213): CodeIgniter\View\View->CodeIgniter\View\{closure}()
#3 C:\xampp\htdocs\bappeda2\vendor\codeigniter4\framework\system\Common.php(1089): CodeIgniter\View\View->render('backend/pages/f...', Array, true)
#4 C:\xampp\htdocs\bappeda2\app\Views\backend\template\content.php(1): view('backend/pages/f...')
#5 C:\xampp\htdocs\bappeda2\vendor\codeigniter4\framework\system\View\View.php(210): include('C:\\xampp\\htdocs...')
#6 C:\xampp\htdocs\bappeda2\vendor\codeigniter4\framework\system\View\View.php(213): CodeIgniter\View\View->CodeIgniter\View\{closure}()
#7 C:\xampp\htdocs\bappeda2\vendor\codeigniter4\framework\system\Common.php(1089): CodeIgniter\View\View->render('backend/templat...', Array, true)
#8 C:\xampp\htdocs\bappeda2\app\Views\backend\template\wraper.php(3): view('backend/templat...')
#9 C:\xampp\htdocs\bappeda2\vendor\codeigniter4\framework\system\View\View.php(210): include('C:\\xampp\\htdocs...')
#10 C:\xampp\htdocs\bappeda2\vendor\codeigniter4\framework\system\View\View.php(213): CodeIgniter\View\View->CodeIgniter\View\{closure}()
#11 C:\xampp\htdocs\bappeda2\vendor\codeigniter4\framework\system\Common.php(1089): CodeIgniter\View\View->render('backend/templat...', Array, true)
#12 C:\xampp\htdocs\bappeda2\app\Controllers\publikasi.php(112): view('backend/templat...', Array)
#13 C:\xampp\htdocs\bappeda2\vendor\codeigniter4\framework\system\CodeIgniter.php(825): App\Controllers\publikasi->edit('img', '1645056744_0481...')
#14 C:\xampp\htdocs\bappeda2\vendor\codeigniter4\framework\system\CodeIgniter.php(412): CodeIgniter\CodeIgniter->runController(Object(App\Controllers\publikasi))
#15 C:\xampp\htdocs\bappeda2\vendor\codeigniter4\framework\system\CodeIgniter.php(320): CodeIgniter\CodeIgniter->handleRequest(NULL, Object(Config\Cache), false)
#16 C:\xampp\htdocs\bappeda2\public\index.php(37): CodeIgniter\CodeIgniter->run()
#17 C:\xampp\htdocs\bappeda2\vendor\codeigniter4\framework\system\Commands\Server\rewrite.php(43): require_once('C:\\xampp\\htdocs...')
#18 {main}
CRITICAL - 2022-02-16 18:17:38 --> Trying to access array offset on value of type null
#0 C:\xampp\htdocs\bappeda2\app\Views\backend\pages\form\editpublikasi.php(37): CodeIgniter\Debug\Exceptions->errorHandler(2, 'Trying to acces...', 'C:\\xampp\\htdocs...', 37)
#1 C:\xampp\htdocs\bappeda2\vendor\codeigniter4\framework\system\View\View.php(210): include('C:\\xampp\\htdocs...')
#2 C:\xampp\htdocs\bappeda2\vendor\codeigniter4\framework\system\View\View.php(213): CodeIgniter\View\View->CodeIgniter\View\{closure}()
#3 C:\xampp\htdocs\bappeda2\vendor\codeigniter4\framework\system\Common.php(1089): CodeIgniter\View\View->render('backend/pages/f...', Array, true)
#4 C:\xampp\htdocs\bappeda2\app\Views\backend\template\content.php(1): view('backend/pages/f...')
#5 C:\xampp\htdocs\bappeda2\vendor\codeigniter4\framework\system\View\View.php(210): include('C:\\xampp\\htdocs...')
#6 C:\xampp\htdocs\bappeda2\vendor\codeigniter4\framework\system\View\View.php(213): CodeIgniter\View\View->CodeIgniter\View\{closure}()
#7 C:\xampp\htdocs\bappeda2\vendor\codeigniter4\framework\system\Common.php(1089): CodeIgniter\View\View->render('backend/templat...', Array, true)
#8 C:\xampp\htdocs\bappeda2\app\Views\backend\template\wraper.php(3): view('backend/templat...')
#9 C:\xampp\htdocs\bappeda2\vendor\codeigniter4\framework\system\View\View.php(210): include('C:\\xampp\\htdocs...')
#10 C:\xampp\htdocs\bappeda2\vendor\codeigniter4\framework\system\View\View.php(213): CodeIgniter\View\View->CodeIgniter\View\{closure}()
#11 C:\xampp\htdocs\bappeda2\vendor\codeigniter4\framework\system\Common.php(1089): CodeIgniter\View\View->render('backend/templat...', Array, true)
#12 C:\xampp\htdocs\bappeda2\app\Controllers\publikasi.php(112): view('backend/templat...', Array)
#13 C:\xampp\htdocs\bappeda2\vendor\codeigniter4\framework\system\CodeIgniter.php(825): App\Controllers\publikasi->edit('img', '1645056744_0481...')
#14 C:\xampp\htdocs\bappeda2\vendor\codeigniter4\framework\system\CodeIgniter.php(412): CodeIgniter\CodeIgniter->runController(Object(App\Controllers\publikasi))
#15 C:\xampp\htdocs\bappeda2\vendor\codeigniter4\framework\system\CodeIgniter.php(320): CodeIgniter\CodeIgniter->handleRequest(NULL, Object(Config\Cache), false)
#16 C:\xampp\htdocs\bappeda2\public\index.php(37): CodeIgniter\CodeIgniter->run()
#17 C:\xampp\htdocs\bappeda2\vendor\codeigniter4\framework\system\Commands\Server\rewrite.php(43): require_once('C:\\xampp\\htdocs...')
#18 {main}
CRITICAL - 2022-02-16 18:39:25 --> Undefined variable $penerbit
#0 C:\xampp\htdocs\bappeda2\app\Views\backend\pages\form\editpublikasi.php(49): CodeIgniter\Debug\Exceptions->errorHandler(2, 'Undefined varia...', 'C:\\xampp\\htdocs...', 49)
#1 C:\xampp\htdocs\bappeda2\vendor\codeigniter4\framework\system\View\View.php(210): include('C:\\xampp\\htdocs...')
#2 C:\xampp\htdocs\bappeda2\vendor\codeigniter4\framework\system\View\View.php(213): CodeIgniter\View\View->CodeIgniter\View\{closure}()
#3 C:\xampp\htdocs\bappeda2\vendor\codeigniter4\framework\system\Common.php(1089): CodeIgniter\View\View->render('backend/pages/f...', Array, true)
#4 C:\xampp\htdocs\bappeda2\app\Views\backend\template\content.php(1): view('backend/pages/f...')
#5 C:\xampp\htdocs\bappeda2\vendor\codeigniter4\framework\system\View\View.php(210): include('C:\\xampp\\htdocs...')
#6 C:\xampp\htdocs\bappeda2\vendor\codeigniter4\framework\system\View\View.php(213): CodeIgniter\View\View->CodeIgniter\View\{closure}()
#7 C:\xampp\htdocs\bappeda2\vendor\codeigniter4\framework\system\Common.php(1089): CodeIgniter\View\View->render('backend/templat...', Array, true)
#8 C:\xampp\htdocs\bappeda2\app\Views\backend\template\wraper.php(3): view('backend/templat...')
#9 C:\xampp\htdocs\bappeda2\vendor\codeigniter4\framework\system\View\View.php(210): include('C:\\xampp\\htdocs...')
#10 C:\xampp\htdocs\bappeda2\vendor\codeigniter4\framework\system\View\View.php(213): CodeIgniter\View\View->CodeIgniter\View\{closure}()
#11 C:\xampp\htdocs\bappeda2\vendor\codeigniter4\framework\system\Common.php(1089): CodeIgniter\View\View->render('backend/templat...', Array, true)
#12 C:\xampp\htdocs\bappeda2\app\Controllers\publikasi.php(112): view('backend/templat...', Array)
#13 C:\xampp\htdocs\bappeda2\vendor\codeigniter4\framework\system\CodeIgniter.php(825): App\Controllers\publikasi->edit('26')
#14 C:\xampp\htdocs\bappeda2\vendor\codeigniter4\framework\system\CodeIgniter.php(412): CodeIgniter\CodeIgniter->runController(Object(App\Controllers\publikasi))
#15 C:\xampp\htdocs\bappeda2\vendor\codeigniter4\framework\system\CodeIgniter.php(320): CodeIgniter\CodeIgniter->handleRequest(NULL, Object(Config\Cache), false)
#16 C:\xampp\htdocs\bappeda2\public\index.php(37): CodeIgniter\CodeIgniter->run()
#17 C:\xampp\htdocs\bappeda2\vendor\codeigniter4\framework\system\Commands\Server\rewrite.php(43): require_once('C:\\xampp\\htdocs...')
#18 {main}
CRITICAL - 2022-02-16 19:01:56 --> Too few arguments to function App\Controllers\publikasi::edit(), 0 passed in C:\xampp\htdocs\bappeda2\vendor\codeigniter4\framework\system\CodeIgniter.php on line 825 and exactly 1 expected
#0 C:\xampp\htdocs\bappeda2\vendor\codeigniter4\framework\system\CodeIgniter.php(825): App\Controllers\publikasi->edit()
#1 C:\xampp\htdocs\bappeda2\vendor\codeigniter4\framework\system\CodeIgniter.php(412): CodeIgniter\CodeIgniter->runController(Object(App\Controllers\publikasi))
#2 C:\xampp\htdocs\bappeda2\vendor\codeigniter4\framework\system\CodeIgniter.php(320): CodeIgniter\CodeIgniter->handleRequest(NULL, Object(Config\Cache), false)
#3 C:\xampp\htdocs\bappeda2\public\index.php(37): CodeIgniter\CodeIgniter->run()
#4 C:\xampp\htdocs\bappeda2\vendor\codeigniter4\framework\system\Commands\Server\rewrite.php(43): require_once('C:\\xampp\\htdocs...')
#5 {main}
CRITICAL - 2022-02-16 19:02:04 --> Too few arguments to function App\Controllers\publikasi::edit(), 0 passed in C:\xampp\htdocs\bappeda2\vendor\codeigniter4\framework\system\CodeIgniter.php on line 825 and exactly 1 expected
#0 C:\xampp\htdocs\bappeda2\vendor\codeigniter4\framework\system\CodeIgniter.php(825): App\Controllers\publikasi->edit()
#1 C:\xampp\htdocs\bappeda2\vendor\codeigniter4\framework\system\CodeIgniter.php(412): CodeIgniter\CodeIgniter->runController(Object(App\Controllers\publikasi))
#2 C:\xampp\htdocs\bappeda2\vendor\codeigniter4\framework\system\CodeIgniter.php(320): CodeIgniter\CodeIgniter->handleRequest(NULL, Object(Config\Cache), false)
#3 C:\xampp\htdocs\bappeda2\public\index.php(37): CodeIgniter\CodeIgniter->run()
#4 C:\xampp\htdocs\bappeda2\vendor\codeigniter4\framework\system\Commands\Server\rewrite.php(43): require_once('C:\\xampp\\htdocs...')
#5 {main}
CRITICAL - 2022-02-16 19:02:47 --> Too few arguments to function App\Controllers\publikasi::edit(), 0 passed in C:\xampp\htdocs\bappeda2\vendor\codeigniter4\framework\system\CodeIgniter.php on line 825 and exactly 1 expected
#0 C:\xampp\htdocs\bappeda2\vendor\codeigniter4\framework\system\CodeIgniter.php(825): App\Controllers\publikasi->edit()
#1 C:\xampp\htdocs\bappeda2\vendor\codeigniter4\framework\system\CodeIgniter.php(412): CodeIgniter\CodeIgniter->runController(Object(App\Controllers\publikasi))
#2 C:\xampp\htdocs\bappeda2\vendor\codeigniter4\framework\system\CodeIgniter.php(320): CodeIgniter\CodeIgniter->handleRequest(NULL, Object(Config\Cache), false)
#3 C:\xampp\htdocs\bappeda2\public\index.php(37): CodeIgniter\CodeIgniter->run()
#4 C:\xampp\htdocs\bappeda2\vendor\codeigniter4\framework\system\Commands\Server\rewrite.php(43): require_once('C:\\xampp\\htdocs...')
#5 {main}
CRITICAL - 2022-02-16 19:08:07 --> unlink(dok/): Is a directory
#0 [internal function]: CodeIgniter\Debug\Exceptions->errorHandler(2, 'unlink(dok/): I...', 'C:\\xampp\\htdocs...', 163)
#1 C:\xampp\htdocs\bappeda2\app\Controllers\publikasi.php(163): unlink('dok/')
#2 C:\xampp\htdocs\bappeda2\vendor\codeigniter4\framework\system\CodeIgniter.php(825): App\Controllers\publikasi->update('27')
#3 C:\xampp\htdocs\bappeda2\vendor\codeigniter4\framework\system\CodeIgniter.php(412): CodeIgniter\CodeIgniter->runController(Object(App\Controllers\publikasi))
#4 C:\xampp\htdocs\bappeda2\vendor\codeigniter4\framework\system\CodeIgniter.php(320): CodeIgniter\CodeIgniter->handleRequest(NULL, Object(Config\Cache), false)
#5 C:\xampp\htdocs\bappeda2\public\index.php(37): CodeIgniter\CodeIgniter->run()
#6 C:\xampp\htdocs\bappeda2\vendor\codeigniter4\framework\system\Commands\Server\rewrite.php(43): require_once('C:\\xampp\\htdocs...')
#7 {main}
CRITICAL - 2022-02-16 19:09:26 --> unlink(dok/jbdcvjdbjhcb.pdf): No such file or directory
#0 [internal function]: CodeIgniter\Debug\Exceptions->errorHandler(2, 'unlink(dok/jbdc...', 'C:\\xampp\\htdocs...', 163)
#1 C:\xampp\htdocs\bappeda2\app\Controllers\publikasi.php(163): unlink('dok/jbdcvjdbjhc...')
#2 C:\xampp\htdocs\bappeda2\vendor\codeigniter4\framework\system\CodeIgniter.php(825): App\Controllers\publikasi->update('27')
#3 C:\xampp\htdocs\bappeda2\vendor\codeigniter4\framework\system\CodeIgniter.php(412): CodeIgniter\CodeIgniter->runController(Object(App\Controllers\publikasi))
#4 C:\xampp\htdocs\bappeda2\vendor\codeigniter4\framework\system\CodeIgniter.php(320): CodeIgniter\CodeIgniter->handleRequest(NULL, Object(Config\Cache), false)
#5 C:\xampp\htdocs\bappeda2\public\index.php(37): CodeIgniter\CodeIgniter->run()
#6 C:\xampp\htdocs\bappeda2\vendor\codeigniter4\framework\system\Commands\Server\rewrite.php(43): require_once('C:\\xampp\\htdocs...')
#7 {main}
CRITICAL - 2022-02-16 19:10:27 --> unlink(dok/jbdcvjdbjhcb.pdf): No such file or directory
#0 [internal function]: CodeIgniter\Debug\Exceptions->errorHandler(2, 'unlink(dok/jbdc...', 'C:\\xampp\\htdocs...', 163)
#1 C:\xampp\htdocs\bappeda2\app\Controllers\publikasi.php(163): unlink('dok/jbdcvjdbjhc...')
#2 C:\xampp\htdocs\bappeda2\vendor\codeigniter4\framework\system\CodeIgniter.php(825): App\Controllers\publikasi->update('27')
#3 C:\xampp\htdocs\bappeda2\vendor\codeigniter4\framework\system\CodeIgniter.php(412): CodeIgniter\CodeIgniter->runController(Object(App\Controllers\publikasi))
#4 C:\xampp\htdocs\bappeda2\vendor\codeigniter4\framework\system\CodeIgniter.php(320): CodeIgniter\CodeIgniter->handleRequest(NULL, Object(Config\Cache), false)
#5 C:\xampp\htdocs\bappeda2\public\index.php(37): CodeIgniter\CodeIgniter->run()
#6 C:\xampp\htdocs\bappeda2\vendor\codeigniter4\framework\system\Commands\Server\rewrite.php(43): require_once('C:\\xampp\\htdocs...')
#7 {main}
CRITICAL - 2022-02-16 19:46:01 --> Too few arguments to function App\Controllers\publikasi::edit(), 0 passed in C:\xampp\htdocs\bappeda2\vendor\codeigniter4\framework\system\CodeIgniter.php on line 825 and exactly 1 expected
#0 C:\xampp\htdocs\bappeda2\vendor\codeigniter4\framework\system\CodeIgniter.php(825): App\Controllers\publikasi->edit()
#1 C:\xampp\htdocs\bappeda2\vendor\codeigniter4\framework\system\CodeIgniter.php(412): CodeIgniter\CodeIgniter->runController(Object(App\Controllers\publikasi))
#2 C:\xampp\htdocs\bappeda2\vendor\codeigniter4\framework\system\CodeIgniter.php(320): CodeIgniter\CodeIgniter->handleRequest(NULL, Object(Config\Cache), false)
#3 C:\xampp\htdocs\bappeda2\public\index.php(37): CodeIgniter\CodeIgniter->run()
#4 C:\xampp\htdocs\bappeda2\vendor\codeigniter4\framework\system\Commands\Server\rewrite.php(43): require_once('C:\\xampp\\htdocs...')
#5 {main}
