CRITICAL - 2022-02-07 11:30:43 --> Undefined variable $menu
#0 C:\xampp\htdocs\bappeda2\app\Views\frontend\template\header.php(136): CodeIgniter\Debug\Exceptions->errorHandler(2, 'Undefined varia...', 'C:\\xampp\\htdocs...', 136)
#1 C:\xampp\htdocs\bappeda2\vendor\codeigniter4\framework\system\View\View.php(210): include('C:\\xampp\\htdocs...')
#2 C:\xampp\htdocs\bappeda2\vendor\codeigniter4\framework\system\View\View.php(213): CodeIgniter\View\View->CodeIgniter\View\{closure}()
#3 C:\xampp\htdocs\bappeda2\vendor\codeigniter4\framework\system\Common.php(1089): CodeIgniter\View\View->render('frontend/templa...', Array, true)
#4 C:\xampp\htdocs\bappeda2\app\Views\frontend\template\wraper.php(2): view('frontend/templa...')
#5 C:\xampp\htdocs\bappeda2\vendor\codeigniter4\framework\system\View\View.php(210): include('C:\\xampp\\htdocs...')
#6 C:\xampp\htdocs\bappeda2\vendor\codeigniter4\framework\system\View\View.php(213): CodeIgniter\View\View->CodeIgniter\View\{closure}()
#7 C:\xampp\htdocs\bappeda2\vendor\codeigniter4\framework\system\Common.php(1089): CodeIgniter\View\View->render('frontend/templa...', Array, true)
#8 C:\xampp\htdocs\bappeda2\app\Controllers\CFrontend.php(25): view('frontend/templa...', Array)
#9 C:\xampp\htdocs\bappeda2\vendor\codeigniter4\framework\system\CodeIgniter.php(825): App\Controllers\CFrontend->visimisi()
#10 C:\xampp\htdocs\bappeda2\vendor\codeigniter4\framework\system\CodeIgniter.php(412): CodeIgniter\CodeIgniter->runController(Object(App\Controllers\CFrontend))
#11 C:\xampp\htdocs\bappeda2\vendor\codeigniter4\framework\system\CodeIgniter.php(320): CodeIgniter\CodeIgniter->handleRequest(NULL, Object(Config\Cache), false)
#12 C:\xampp\htdocs\bappeda2\public\index.php(37): CodeIgniter\CodeIgniter->run()
#13 C:\xampp\htdocs\bappeda2\vendor\codeigniter4\framework\system\Commands\Server\rewrite.php(43): require_once('C:\\xampp\\htdocs...')
#14 {main}
CRITICAL - 2022-02-07 11:33:09 --> Undefined variable $menu
#0 C:\xampp\htdocs\bappeda2\app\Views\frontend\template\header.php(136): CodeIgniter\Debug\Exceptions->errorHandler(2, 'Undefined varia...', 'C:\\xampp\\htdocs...', 136)
#1 C:\xampp\htdocs\bappeda2\vendor\codeigniter4\framework\system\View\View.php(210): include('C:\\xampp\\htdocs...')
#2 C:\xampp\htdocs\bappeda2\vendor\codeigniter4\framework\system\View\View.php(213): CodeIgniter\View\View->CodeIgniter\View\{closure}()
#3 C:\xampp\htdocs\bappeda2\vendor\codeigniter4\framework\system\Common.php(1089): CodeIgniter\View\View->render('frontend/templa...', Array, true)
#4 C:\xampp\htdocs\bappeda2\app\Views\frontend\template\wraper.php(2): view('frontend/templa...')
#5 C:\xampp\htdocs\bappeda2\vendor\codeigniter4\framework\system\View\View.php(210): include('C:\\xampp\\htdocs...')
#6 C:\xampp\htdocs\bappeda2\vendor\codeigniter4\framework\system\View\View.php(213): CodeIgniter\View\View->CodeIgniter\View\{closure}()
#7 C:\xampp\htdocs\bappeda2\vendor\codeigniter4\framework\system\Common.php(1089): CodeIgniter\View\View->render('frontend/templa...', Array, true)
#8 C:\xampp\htdocs\bappeda2\app\Controllers\CFrontend.php(15): view('frontend/templa...', Array)
#9 C:\xampp\htdocs\bappeda2\vendor\codeigniter4\framework\system\CodeIgniter.php(825): App\Controllers\CFrontend->index()
#10 C:\xampp\htdocs\bappeda2\vendor\codeigniter4\framework\system\CodeIgniter.php(412): CodeIgniter\CodeIgniter->runController(Object(App\Controllers\CFrontend))
#11 C:\xampp\htdocs\bappeda2\vendor\codeigniter4\framework\system\CodeIgniter.php(320): CodeIgniter\CodeIgniter->handleRequest(NULL, Object(Config\Cache), false)
#12 C:\xampp\htdocs\bappeda2\public\index.php(37): CodeIgniter\CodeIgniter->run()
#13 C:\xampp\htdocs\bappeda2\vendor\codeigniter4\framework\system\Commands\Server\rewrite.php(43): require_once('C:\\xampp\\htdocs...')
#14 {main}
CRITICAL - 2022-02-07 12:19:15 --> Cannot declare class App\Controllers\CFend, because the name is already in use
#0 [internal function]: CodeIgniter\Debug\Exceptions->shutdownHandler()
#1 {main}
CRITICAL - 2022-02-07 12:19:29 --> Invalid file: template/header.php
#0 C:\xampp\htdocs\bappeda2\vendor\codeigniter4\framework\system\View\View.php(198): CodeIgniter\Exceptions\FrameworkException::forInvalidFile('template/header...')
#1 C:\xampp\htdocs\bappeda2\vendor\codeigniter4\framework\system\Common.php(1089): CodeIgniter\View\View->render('template/header', Array, true)
#2 C:\xampp\htdocs\bappeda2\app\Views\backend\template\wraper.php(2): view('template/header')
#3 C:\xampp\htdocs\bappeda2\vendor\codeigniter4\framework\system\View\View.php(210): include('C:\\xampp\\htdocs...')
#4 C:\xampp\htdocs\bappeda2\vendor\codeigniter4\framework\system\View\View.php(213): CodeIgniter\View\View->CodeIgniter\View\{closure}()
#5 C:\xampp\htdocs\bappeda2\vendor\codeigniter4\framework\system\Common.php(1089): CodeIgniter\View\View->render('backend/templat...', Array, true)
#6 C:\xampp\htdocs\bappeda2\app\Controllers\CBackend.php(14): view('backend/templat...', Array)
#7 C:\xampp\htdocs\bappeda2\vendor\codeigniter4\framework\system\CodeIgniter.php(825): App\Controllers\CBackend->index()
#8 C:\xampp\htdocs\bappeda2\vendor\codeigniter4\framework\system\CodeIgniter.php(412): CodeIgniter\CodeIgniter->runController(Object(App\Controllers\CBackend))
#9 C:\xampp\htdocs\bappeda2\vendor\codeigniter4\framework\system\CodeIgniter.php(320): CodeIgniter\CodeIgniter->handleRequest(NULL, Object(Config\Cache), false)
#10 C:\xampp\htdocs\bappeda2\public\index.php(37): CodeIgniter\CodeIgniter->run()
#11 C:\xampp\htdocs\bappeda2\vendor\codeigniter4\framework\system\Commands\Server\rewrite.php(43): require_once('C:\\xampp\\htdocs...')
#12 {main}
CRITICAL - 2022-02-07 12:20:27 --> Invalid file: backend/page/home.php
#0 C:\xampp\htdocs\bappeda2\vendor\codeigniter4\framework\system\View\View.php(198): CodeIgniter\Exceptions\FrameworkException::forInvalidFile('backend/page/ho...')
#1 C:\xampp\htdocs\bappeda2\vendor\codeigniter4\framework\system\Common.php(1089): CodeIgniter\View\View->render('backend/page/ho...', Array, true)
#2 C:\xampp\htdocs\bappeda2\app\Views\backend\template\content.php(1): view('backend/page/ho...')
#3 C:\xampp\htdocs\bappeda2\vendor\codeigniter4\framework\system\View\View.php(210): include('C:\\xampp\\htdocs...')
#4 C:\xampp\htdocs\bappeda2\vendor\codeigniter4\framework\system\View\View.php(213): CodeIgniter\View\View->CodeIgniter\View\{closure}()
#5 C:\xampp\htdocs\bappeda2\vendor\codeigniter4\framework\system\Common.php(1089): CodeIgniter\View\View->render('backend/templat...', Array, true)
#6 C:\xampp\htdocs\bappeda2\app\Views\backend\template\wraper.php(3): view('backend/templat...')
#7 C:\xampp\htdocs\bappeda2\vendor\codeigniter4\framework\system\View\View.php(210): include('C:\\xampp\\htdocs...')
#8 C:\xampp\htdocs\bappeda2\vendor\codeigniter4\framework\system\View\View.php(213): CodeIgniter\View\View->CodeIgniter\View\{closure}()
#9 C:\xampp\htdocs\bappeda2\vendor\codeigniter4\framework\system\Common.php(1089): CodeIgniter\View\View->render('backend/templat...', Array, true)
#10 C:\xampp\htdocs\bappeda2\app\Controllers\CBackend.php(14): view('backend/templat...', Array)
#11 C:\xampp\htdocs\bappeda2\vendor\codeigniter4\framework\system\CodeIgniter.php(825): App\Controllers\CBackend->index()
#12 C:\xampp\htdocs\bappeda2\vendor\codeigniter4\framework\system\CodeIgniter.php(412): CodeIgniter\CodeIgniter->runController(Object(App\Controllers\CBackend))
#13 C:\xampp\htdocs\bappeda2\vendor\codeigniter4\framework\system\CodeIgniter.php(320): CodeIgniter\CodeIgniter->handleRequest(NULL, Object(Config\Cache), false)
#14 C:\xampp\htdocs\bappeda2\public\index.php(37): CodeIgniter\CodeIgniter->run()
#15 C:\xampp\htdocs\bappeda2\vendor\codeigniter4\framework\system\Commands\Server\rewrite.php(43): require_once('C:\\xampp\\htdocs...')
#16 {main}
CRITICAL - 2022-02-07 13:29:56 --> Call to a member function findAll() on null
#0 C:\xampp\htdocs\bappeda2\vendor\codeigniter4\framework\system\CodeIgniter.php(825): App\Controllers\publikasi->index()
#1 C:\xampp\htdocs\bappeda2\vendor\codeigniter4\framework\system\CodeIgniter.php(412): CodeIgniter\CodeIgniter->runController(Object(App\Controllers\publikasi))
#2 C:\xampp\htdocs\bappeda2\vendor\codeigniter4\framework\system\CodeIgniter.php(320): CodeIgniter\CodeIgniter->handleRequest(NULL, Object(Config\Cache), false)
#3 C:\xampp\htdocs\bappeda2\public\index.php(37): CodeIgniter\CodeIgniter->run()
#4 C:\xampp\htdocs\bappeda2\vendor\codeigniter4\framework\system\Commands\Server\rewrite.php(43): require_once('C:\\xampp\\htdocs...')
#5 {main}
CRITICAL - 2022-02-07 13:37:30 --> Undefined variable $publish
#0 C:\xampp\htdocs\bappeda2\app\Views\frontend\publikasi.php(79): CodeIgniter\Debug\Exceptions->errorHandler(2, 'Undefined varia...', 'C:\\xampp\\htdocs...', 79)
#1 C:\xampp\htdocs\bappeda2\vendor\codeigniter4\framework\system\View\View.php(210): include('C:\\xampp\\htdocs...')
#2 C:\xampp\htdocs\bappeda2\vendor\codeigniter4\framework\system\View\View.php(213): CodeIgniter\View\View->CodeIgniter\View\{closure}()
#3 C:\xampp\htdocs\bappeda2\vendor\codeigniter4\framework\system\Common.php(1089): CodeIgniter\View\View->render('frontend/publik...', Array, true)
#4 C:\xampp\htdocs\bappeda2\app\Views\frontend\template\content.php(1): view('frontend/publik...')
#5 C:\xampp\htdocs\bappeda2\vendor\codeigniter4\framework\system\View\View.php(210): include('C:\\xampp\\htdocs...')
#6 C:\xampp\htdocs\bappeda2\vendor\codeigniter4\framework\system\View\View.php(213): CodeIgniter\View\View->CodeIgniter\View\{closure}()
#7 C:\xampp\htdocs\bappeda2\vendor\codeigniter4\framework\system\Common.php(1089): CodeIgniter\View\View->render('frontend/templa...', Array, true)
#8 C:\xampp\htdocs\bappeda2\app\Views\frontend\template\wraper.php(3): view('frontend/templa...')
#9 C:\xampp\htdocs\bappeda2\vendor\codeigniter4\framework\system\View\View.php(210): include('C:\\xampp\\htdocs...')
#10 C:\xampp\htdocs\bappeda2\vendor\codeigniter4\framework\system\View\View.php(213): CodeIgniter\View\View->CodeIgniter\View\{closure}()
#11 C:\xampp\htdocs\bappeda2\vendor\codeigniter4\framework\system\Common.php(1089): CodeIgniter\View\View->render('frontend/templa...', Array, true)
#12 C:\xampp\htdocs\bappeda2\app\Controllers\CFrontend.php(52): view('frontend/templa...', Array)
#13 C:\xampp\htdocs\bappeda2\vendor\codeigniter4\framework\system\CodeIgniter.php(825): App\Controllers\CFrontend->publikasi()
#14 C:\xampp\htdocs\bappeda2\vendor\codeigniter4\framework\system\CodeIgniter.php(412): CodeIgniter\CodeIgniter->runController(Object(App\Controllers\CFrontend))
#15 C:\xampp\htdocs\bappeda2\vendor\codeigniter4\framework\system\CodeIgniter.php(320): CodeIgniter\CodeIgniter->handleRequest(NULL, Object(Config\Cache), false)
#16 C:\xampp\htdocs\bappeda2\public\index.php(37): CodeIgniter\CodeIgniter->run()
#17 C:\xampp\htdocs\bappeda2\vendor\codeigniter4\framework\system\Commands\Server\rewrite.php(43): require_once('C:\\xampp\\htdocs...')
#18 {main}
CRITICAL - 2022-02-07 16:20:23 --> Undefined variable $i
#0 C:\xampp\htdocs\bappeda2\app\Views\backend\pages\publikasiadmin.php(34): CodeIgniter\Debug\Exceptions->errorHandler(2, 'Undefined varia...', 'C:\\xampp\\htdocs...', 34)
#1 C:\xampp\htdocs\bappeda2\vendor\codeigniter4\framework\system\View\View.php(210): include('C:\\xampp\\htdocs...')
#2 C:\xampp\htdocs\bappeda2\vendor\codeigniter4\framework\system\View\View.php(213): CodeIgniter\View\View->CodeIgniter\View\{closure}()
#3 C:\xampp\htdocs\bappeda2\vendor\codeigniter4\framework\system\Common.php(1089): CodeIgniter\View\View->render('backend/pages/p...', Array, true)
#4 C:\xampp\htdocs\bappeda2\app\Views\backend\template\content.php(1): view('backend/pages/p...')
#5 C:\xampp\htdocs\bappeda2\vendor\codeigniter4\framework\system\View\View.php(210): include('C:\\xampp\\htdocs...')
#6 C:\xampp\htdocs\bappeda2\vendor\codeigniter4\framework\system\View\View.php(213): CodeIgniter\View\View->CodeIgniter\View\{closure}()
#7 C:\xampp\htdocs\bappeda2\vendor\codeigniter4\framework\system\Common.php(1089): CodeIgniter\View\View->render('backend/templat...', Array, true)
#8 C:\xampp\htdocs\bappeda2\app\Views\backend\template\wraper.php(3): view('backend/templat...')
#9 C:\xampp\htdocs\bappeda2\vendor\codeigniter4\framework\system\View\View.php(210): include('C:\\xampp\\htdocs...')
#10 C:\xampp\htdocs\bappeda2\vendor\codeigniter4\framework\system\View\View.php(213): CodeIgniter\View\View->CodeIgniter\View\{closure}()
#11 C:\xampp\htdocs\bappeda2\vendor\codeigniter4\framework\system\Common.php(1089): CodeIgniter\View\View->render('backend/templat...', Array, true)
#12 C:\xampp\htdocs\bappeda2\app\Controllers\publikasi.php(19): view('backend/templat...', Array)
#13 C:\xampp\htdocs\bappeda2\vendor\codeigniter4\framework\system\CodeIgniter.php(825): App\Controllers\publikasi->index()
#14 C:\xampp\htdocs\bappeda2\vendor\codeigniter4\framework\system\CodeIgniter.php(412): CodeIgniter\CodeIgniter->runController(Object(App\Controllers\publikasi))
#15 C:\xampp\htdocs\bappeda2\vendor\codeigniter4\framework\system\CodeIgniter.php(320): CodeIgniter\CodeIgniter->handleRequest(NULL, Object(Config\Cache), false)
#16 C:\xampp\htdocs\bappeda2\public\index.php(37): CodeIgniter\CodeIgniter->run()
#17 C:\xampp\htdocs\bappeda2\vendor\codeigniter4\framework\system\Commands\Server\rewrite.php(43): require_once('C:\\xampp\\htdocs...')
#18 {main}
CRITICAL - 2022-02-07 17:31:22 --> Undefined property: App\Controllers\publikasi::$PublikasiModel
#0 C:\xampp\htdocs\bappeda2\app\Controllers\publikasi.php(39): CodeIgniter\Debug\Exceptions->errorHandler(2, 'Undefined prope...', 'C:\\xampp\\htdocs...', 39)
#1 C:\xampp\htdocs\bappeda2\vendor\codeigniter4\framework\system\CodeIgniter.php(825): App\Controllers\publikasi->save()
#2 C:\xampp\htdocs\bappeda2\vendor\codeigniter4\framework\system\CodeIgniter.php(412): CodeIgniter\CodeIgniter->runController(Object(App\Controllers\publikasi))
#3 C:\xampp\htdocs\bappeda2\vendor\codeigniter4\framework\system\CodeIgniter.php(320): CodeIgniter\CodeIgniter->handleRequest(NULL, Object(Config\Cache), false)
#4 C:\xampp\htdocs\bappeda2\public\index.php(37): CodeIgniter\CodeIgniter->run()
#5 C:\xampp\htdocs\bappeda2\vendor\codeigniter4\framework\system\Commands\Server\rewrite.php(43): require_once('C:\\xampp\\htdocs...')
#6 {main}
CRITICAL - 2022-02-07 17:33:38 --> Undefined property: App\Controllers\publikasi::$PublikasiModel
#0 C:\xampp\htdocs\bappeda2\app\Controllers\publikasi.php(41): CodeIgniter\Debug\Exceptions->errorHandler(2, 'Undefined prope...', 'C:\\xampp\\htdocs...', 41)
#1 C:\xampp\htdocs\bappeda2\vendor\codeigniter4\framework\system\CodeIgniter.php(825): App\Controllers\publikasi->save()
#2 C:\xampp\htdocs\bappeda2\vendor\codeigniter4\framework\system\CodeIgniter.php(412): CodeIgniter\CodeIgniter->runController(Object(App\Controllers\publikasi))
#3 C:\xampp\htdocs\bappeda2\vendor\codeigniter4\framework\system\CodeIgniter.php(320): CodeIgniter\CodeIgniter->handleRequest(NULL, Object(Config\Cache), false)
#4 C:\xampp\htdocs\bappeda2\public\index.php(37): CodeIgniter\CodeIgniter->run()
#5 C:\xampp\htdocs\bappeda2\vendor\codeigniter4\framework\system\Commands\Server\rewrite.php(43): require_once('C:\\xampp\\htdocs...')
#6 {main}
CRITICAL - 2022-02-07 17:36:00 --> Object of class App\Models\PublikasiModel could not be converted to string
#0 C:\xampp\htdocs\bappeda2\vendor\codeigniter4\framework\system\CodeIgniter.php(825): App\Controllers\publikasi->save()
#1 C:\xampp\htdocs\bappeda2\vendor\codeigniter4\framework\system\CodeIgniter.php(412): CodeIgniter\CodeIgniter->runController(Object(App\Controllers\publikasi))
#2 C:\xampp\htdocs\bappeda2\vendor\codeigniter4\framework\system\CodeIgniter.php(320): CodeIgniter\CodeIgniter->handleRequest(NULL, Object(Config\Cache), false)
#3 C:\xampp\htdocs\bappeda2\public\index.php(37): CodeIgniter\CodeIgniter->run()
#4 C:\xampp\htdocs\bappeda2\vendor\codeigniter4\framework\system\Commands\Server\rewrite.php(43): require_once('C:\\xampp\\htdocs...')
#5 {main}
CRITICAL - 2022-02-07 17:42:06 -->  route cannot be found while reverse-routing.
#0 C:\xampp\htdocs\bappeda2\vendor\codeigniter4\framework\system\HTTP\RedirectResponse.php(56): CodeIgniter\HTTP\Exceptions\HTTPException::forInvalidRedirectRoute('')
#1 C:\xampp\htdocs\bappeda2\vendor\codeigniter4\framework\system\Common.php(832): CodeIgniter\HTTP\RedirectResponse->route(false)
#2 C:\xampp\htdocs\bappeda2\app\Controllers\publikasi.php(52): redirect('/adminpublikasi')
#3 C:\xampp\htdocs\bappeda2\vendor\codeigniter4\framework\system\CodeIgniter.php(825): App\Controllers\publikasi->save()
#4 C:\xampp\htdocs\bappeda2\vendor\codeigniter4\framework\system\CodeIgniter.php(412): CodeIgniter\CodeIgniter->runController(Object(App\Controllers\publikasi))
#5 C:\xampp\htdocs\bappeda2\vendor\codeigniter4\framework\system\CodeIgniter.php(320): CodeIgniter\CodeIgniter->handleRequest(NULL, Object(Config\Cache), false)
#6 C:\xampp\htdocs\bappeda2\public\index.php(37): CodeIgniter\CodeIgniter->run()
#7 C:\xampp\htdocs\bappeda2\vendor\codeigniter4\framework\system\Commands\Server\rewrite.php(43): require_once('C:\\xampp\\htdocs...')
#8 {main}
CRITICAL - 2022-02-07 17:58:22 -->  route cannot be found while reverse-routing.
#0 C:\xampp\htdocs\bappeda2\vendor\codeigniter4\framework\system\HTTP\RedirectResponse.php(56): CodeIgniter\HTTP\Exceptions\HTTPException::forInvalidRedirectRoute('')
#1 C:\xampp\htdocs\bappeda2\app\Controllers\publikasi.php(53): CodeIgniter\HTTP\RedirectResponse->route(false)
#2 C:\xampp\htdocs\bappeda2\vendor\codeigniter4\framework\system\CodeIgniter.php(825): App\Controllers\publikasi->save()
#3 C:\xampp\htdocs\bappeda2\vendor\codeigniter4\framework\system\CodeIgniter.php(412): CodeIgniter\CodeIgniter->runController(Object(App\Controllers\publikasi))
#4 C:\xampp\htdocs\bappeda2\vendor\codeigniter4\framework\system\CodeIgniter.php(320): CodeIgniter\CodeIgniter->handleRequest(NULL, Object(Config\Cache), false)
#5 C:\xampp\htdocs\bappeda2\public\index.php(37): CodeIgniter\CodeIgniter->run()
#6 C:\xampp\htdocs\bappeda2\vendor\codeigniter4\framework\system\Commands\Server\rewrite.php(43): require_once('C:\\xampp\\htdocs...')
#7 {main}
CRITICAL - 2022-02-07 18:05:05 -->  route cannot be found while reverse-routing.
#0 C:\xampp\htdocs\bappeda2\vendor\codeigniter4\framework\system\HTTP\RedirectResponse.php(56): CodeIgniter\HTTP\Exceptions\HTTPException::forInvalidRedirectRoute('')
#1 C:\xampp\htdocs\bappeda2\vendor\codeigniter4\framework\system\Common.php(832): CodeIgniter\HTTP\RedirectResponse->route(false)
#2 C:\xampp\htdocs\bappeda2\app\Controllers\publikasi.php(53): redirect('http://localhos...')
#3 C:\xampp\htdocs\bappeda2\vendor\codeigniter4\framework\system\CodeIgniter.php(825): App\Controllers\publikasi->save()
#4 C:\xampp\htdocs\bappeda2\vendor\codeigniter4\framework\system\CodeIgniter.php(412): CodeIgniter\CodeIgniter->runController(Object(App\Controllers\publikasi))
#5 C:\xampp\htdocs\bappeda2\vendor\codeigniter4\framework\system\CodeIgniter.php(320): CodeIgniter\CodeIgniter->handleRequest(NULL, Object(Config\Cache), false)
#6 C:\xampp\htdocs\bappeda2\public\index.php(37): CodeIgniter\CodeIgniter->run()
#7 C:\xampp\htdocs\bappeda2\vendor\codeigniter4\framework\system\Commands\Server\rewrite.php(43): require_once('C:\\xampp\\htdocs...')
#8 {main}
