CRITICAL - 2022-02-04 16:55:24 --> Invalid file: template/header.php
#0 C:\xampp\htdocs\bappeda2\vendor\codeigniter4\framework\system\View\View.php(198): CodeIgniter\Exceptions\FrameworkException::forInvalidFile('template/header...')
#1 C:\xampp\htdocs\bappeda2\vendor\codeigniter4\framework\system\Common.php(1089): CodeIgniter\View\View->render('template/header', Array, true)
#2 C:\xampp\htdocs\bappeda2\app\Views\frontend\template\wraper.php(2): view('template/header')
#3 C:\xampp\htdocs\bappeda2\vendor\codeigniter4\framework\system\View\View.php(210): include('C:\\xampp\\htdocs...')
#4 C:\xampp\htdocs\bappeda2\vendor\codeigniter4\framework\system\View\View.php(213): CodeIgniter\View\View->CodeIgniter\View\{closure}()
#5 C:\xampp\htdocs\bappeda2\vendor\codeigniter4\framework\system\Common.php(1089): CodeIgniter\View\View->render('frontend/templa...', Array, true)
#6 C:\xampp\htdocs\bappeda2\app\Controllers\CFrontend.php(14): view('frontend/templa...', Array)
#7 C:\xampp\htdocs\bappeda2\vendor\codeigniter4\framework\system\CodeIgniter.php(825): App\Controllers\CFrontend->index()
#8 C:\xampp\htdocs\bappeda2\vendor\codeigniter4\framework\system\CodeIgniter.php(412): CodeIgniter\CodeIgniter->runController(Object(App\Controllers\CFrontend))
#9 C:\xampp\htdocs\bappeda2\vendor\codeigniter4\framework\system\CodeIgniter.php(320): CodeIgniter\CodeIgniter->handleRequest(NULL, Object(Config\Cache), false)
#10 C:\xampp\htdocs\bappeda2\public\index.php(37): CodeIgniter\CodeIgniter->run()
#11 C:\xampp\htdocs\bappeda2\vendor\codeigniter4\framework\system\Commands\Server\rewrite.php(43): require_once('C:\\xampp\\htdocs...')
#12 {main}
CRITICAL - 2022-02-04 16:55:50 --> Invalid file: template/header.php
#0 C:\xampp\htdocs\bappeda2\vendor\codeigniter4\framework\system\View\View.php(198): CodeIgniter\Exceptions\FrameworkException::forInvalidFile('template/header...')
#1 C:\xampp\htdocs\bappeda2\vendor\codeigniter4\framework\system\Common.php(1089): CodeIgniter\View\View->render('template/header', Array, true)
#2 C:\xampp\htdocs\bappeda2\app\Views\frontend\template\wraper.php(2): view('template/header')
#3 C:\xampp\htdocs\bappeda2\vendor\codeigniter4\framework\system\View\View.php(210): include('C:\\xampp\\htdocs...')
#4 C:\xampp\htdocs\bappeda2\vendor\codeigniter4\framework\system\View\View.php(213): CodeIgniter\View\View->CodeIgniter\View\{closure}()
#5 C:\xampp\htdocs\bappeda2\vendor\codeigniter4\framework\system\Common.php(1089): CodeIgniter\View\View->render('frontend/templa...', Array, true)
#6 C:\xampp\htdocs\bappeda2\app\Controllers\CFrontend.php(14): view('frontend/templa...', Array)
#7 C:\xampp\htdocs\bappeda2\vendor\codeigniter4\framework\system\CodeIgniter.php(825): App\Controllers\CFrontend->index()
#8 C:\xampp\htdocs\bappeda2\vendor\codeigniter4\framework\system\CodeIgniter.php(412): CodeIgniter\CodeIgniter->runController(Object(App\Controllers\CFrontend))
#9 C:\xampp\htdocs\bappeda2\vendor\codeigniter4\framework\system\CodeIgniter.php(320): CodeIgniter\CodeIgniter->handleRequest(NULL, Object(Config\Cache), false)
#10 C:\xampp\htdocs\bappeda2\public\index.php(37): CodeIgniter\CodeIgniter->run()
#11 C:\xampp\htdocs\bappeda2\vendor\codeigniter4\framework\system\Commands\Server\rewrite.php(43): require_once('C:\\xampp\\htdocs...')
#12 {main}
CRITICAL - 2022-02-04 16:55:51 --> Invalid file: template/header.php
#0 C:\xampp\htdocs\bappeda2\vendor\codeigniter4\framework\system\View\View.php(198): CodeIgniter\Exceptions\FrameworkException::forInvalidFile('template/header...')
#1 C:\xampp\htdocs\bappeda2\vendor\codeigniter4\framework\system\Common.php(1089): CodeIgniter\View\View->render('template/header', Array, true)
#2 C:\xampp\htdocs\bappeda2\app\Views\frontend\template\wraper.php(2): view('template/header')
#3 C:\xampp\htdocs\bappeda2\vendor\codeigniter4\framework\system\View\View.php(210): include('C:\\xampp\\htdocs...')
#4 C:\xampp\htdocs\bappeda2\vendor\codeigniter4\framework\system\View\View.php(213): CodeIgniter\View\View->CodeIgniter\View\{closure}()
#5 C:\xampp\htdocs\bappeda2\vendor\codeigniter4\framework\system\Common.php(1089): CodeIgniter\View\View->render('frontend/templa...', Array, true)
#6 C:\xampp\htdocs\bappeda2\app\Controllers\CFrontend.php(14): view('frontend/templa...', Array)
#7 C:\xampp\htdocs\bappeda2\vendor\codeigniter4\framework\system\CodeIgniter.php(825): App\Controllers\CFrontend->index()
#8 C:\xampp\htdocs\bappeda2\vendor\codeigniter4\framework\system\CodeIgniter.php(412): CodeIgniter\CodeIgniter->runController(Object(App\Controllers\CFrontend))
#9 C:\xampp\htdocs\bappeda2\vendor\codeigniter4\framework\system\CodeIgniter.php(320): CodeIgniter\CodeIgniter->handleRequest(NULL, Object(Config\Cache), false)
#10 C:\xampp\htdocs\bappeda2\public\index.php(37): CodeIgniter\CodeIgniter->run()
#11 C:\xampp\htdocs\bappeda2\vendor\codeigniter4\framework\system\Commands\Server\rewrite.php(43): require_once('C:\\xampp\\htdocs...')
#12 {main}
CRITICAL - 2022-02-04 16:56:11 --> Invalid file: template/header.php
#0 C:\xampp\htdocs\bappeda2\vendor\codeigniter4\framework\system\View\View.php(198): CodeIgniter\Exceptions\FrameworkException::forInvalidFile('template/header...')
#1 C:\xampp\htdocs\bappeda2\vendor\codeigniter4\framework\system\Common.php(1089): CodeIgniter\View\View->render('template/header', Array, true)
#2 C:\xampp\htdocs\bappeda2\app\Views\frontend\template\wraper.php(2): view('template/header')
#3 C:\xampp\htdocs\bappeda2\vendor\codeigniter4\framework\system\View\View.php(210): include('C:\\xampp\\htdocs...')
#4 C:\xampp\htdocs\bappeda2\vendor\codeigniter4\framework\system\View\View.php(213): CodeIgniter\View\View->CodeIgniter\View\{closure}()
#5 C:\xampp\htdocs\bappeda2\vendor\codeigniter4\framework\system\Common.php(1089): CodeIgniter\View\View->render('frontend/templa...', Array, true)
#6 C:\xampp\htdocs\bappeda2\app\Controllers\CFrontend.php(14): view('frontend/templa...', Array)
#7 C:\xampp\htdocs\bappeda2\vendor\codeigniter4\framework\system\CodeIgniter.php(825): App\Controllers\CFrontend->index()
#8 C:\xampp\htdocs\bappeda2\vendor\codeigniter4\framework\system\CodeIgniter.php(412): CodeIgniter\CodeIgniter->runController(Object(App\Controllers\CFrontend))
#9 C:\xampp\htdocs\bappeda2\vendor\codeigniter4\framework\system\CodeIgniter.php(320): CodeIgniter\CodeIgniter->handleRequest(NULL, Object(Config\Cache), false)
#10 C:\xampp\htdocs\bappeda2\public\index.php(37): CodeIgniter\CodeIgniter->run()
#11 C:\xampp\htdocs\bappeda2\vendor\codeigniter4\framework\system\Commands\Server\rewrite.php(43): require_once('C:\\xampp\\htdocs...')
#12 {main}
CRITICAL - 2022-02-04 16:56:12 --> Invalid file: template/header.php
#0 C:\xampp\htdocs\bappeda2\vendor\codeigniter4\framework\system\View\View.php(198): CodeIgniter\Exceptions\FrameworkException::forInvalidFile('template/header...')
#1 C:\xampp\htdocs\bappeda2\vendor\codeigniter4\framework\system\Common.php(1089): CodeIgniter\View\View->render('template/header', Array, true)
#2 C:\xampp\htdocs\bappeda2\app\Views\frontend\template\wraper.php(2): view('template/header')
#3 C:\xampp\htdocs\bappeda2\vendor\codeigniter4\framework\system\View\View.php(210): include('C:\\xampp\\htdocs...')
#4 C:\xampp\htdocs\bappeda2\vendor\codeigniter4\framework\system\View\View.php(213): CodeIgniter\View\View->CodeIgniter\View\{closure}()
#5 C:\xampp\htdocs\bappeda2\vendor\codeigniter4\framework\system\Common.php(1089): CodeIgniter\View\View->render('frontend/templa...', Array, true)
#6 C:\xampp\htdocs\bappeda2\app\Controllers\CFrontend.php(14): view('frontend/templa...', Array)
#7 C:\xampp\htdocs\bappeda2\vendor\codeigniter4\framework\system\CodeIgniter.php(825): App\Controllers\CFrontend->index()
#8 C:\xampp\htdocs\bappeda2\vendor\codeigniter4\framework\system\CodeIgniter.php(412): CodeIgniter\CodeIgniter->runController(Object(App\Controllers\CFrontend))
#9 C:\xampp\htdocs\bappeda2\vendor\codeigniter4\framework\system\CodeIgniter.php(320): CodeIgniter\CodeIgniter->handleRequest(NULL, Object(Config\Cache), false)
#10 C:\xampp\htdocs\bappeda2\public\index.php(37): CodeIgniter\CodeIgniter->run()
#11 C:\xampp\htdocs\bappeda2\vendor\codeigniter4\framework\system\Commands\Server\rewrite.php(43): require_once('C:\\xampp\\htdocs...')
#12 {main}
CRITICAL - 2022-02-04 16:56:20 --> Invalid file: template/header.php
#0 C:\xampp\htdocs\bappeda2\vendor\codeigniter4\framework\system\View\View.php(198): CodeIgniter\Exceptions\FrameworkException::forInvalidFile('template/header...')
#1 C:\xampp\htdocs\bappeda2\vendor\codeigniter4\framework\system\Common.php(1089): CodeIgniter\View\View->render('template/header', Array, true)
#2 C:\xampp\htdocs\bappeda2\app\Views\frontend\template\wraper.php(2): view('template/header')
#3 C:\xampp\htdocs\bappeda2\vendor\codeigniter4\framework\system\View\View.php(210): include('C:\\xampp\\htdocs...')
#4 C:\xampp\htdocs\bappeda2\vendor\codeigniter4\framework\system\View\View.php(213): CodeIgniter\View\View->CodeIgniter\View\{closure}()
#5 C:\xampp\htdocs\bappeda2\vendor\codeigniter4\framework\system\Common.php(1089): CodeIgniter\View\View->render('frontend/templa...', Array, true)
#6 C:\xampp\htdocs\bappeda2\app\Controllers\CFrontend.php(14): view('frontend/templa...', Array)
#7 C:\xampp\htdocs\bappeda2\vendor\codeigniter4\framework\system\CodeIgniter.php(825): App\Controllers\CFrontend->index()
#8 C:\xampp\htdocs\bappeda2\vendor\codeigniter4\framework\system\CodeIgniter.php(412): CodeIgniter\CodeIgniter->runController(Object(App\Controllers\CFrontend))
#9 C:\xampp\htdocs\bappeda2\vendor\codeigniter4\framework\system\CodeIgniter.php(320): CodeIgniter\CodeIgniter->handleRequest(NULL, Object(Config\Cache), false)
#10 C:\xampp\htdocs\bappeda2\public\index.php(37): CodeIgniter\CodeIgniter->run()
#11 C:\xampp\htdocs\bappeda2\vendor\codeigniter4\framework\system\Commands\Server\rewrite.php(43): require_once('C:\\xampp\\htdocs...')
#12 {main}
CRITICAL - 2022-02-04 17:03:25 --> Undefined variable $data
#0 C:\xampp\htdocs\bappeda2\app\Views\frontend\template\header.php(10): CodeIgniter\Debug\Exceptions->errorHandler(2, 'Undefined varia...', 'C:\\xampp\\htdocs...', 10)
#1 C:\xampp\htdocs\bappeda2\vendor\codeigniter4\framework\system\View\View.php(210): include('C:\\xampp\\htdocs...')
#2 C:\xampp\htdocs\bappeda2\vendor\codeigniter4\framework\system\View\View.php(213): CodeIgniter\View\View->CodeIgniter\View\{closure}()
#3 C:\xampp\htdocs\bappeda2\vendor\codeigniter4\framework\system\Common.php(1089): CodeIgniter\View\View->render('frontend/templa...', Array, true)
#4 C:\xampp\htdocs\bappeda2\app\Views\frontend\template\wraper.php(2): view('frontend/templa...')
#5 C:\xampp\htdocs\bappeda2\vendor\codeigniter4\framework\system\View\View.php(210): include('C:\\xampp\\htdocs...')
#6 C:\xampp\htdocs\bappeda2\vendor\codeigniter4\framework\system\View\View.php(213): CodeIgniter\View\View->CodeIgniter\View\{closure}()
#7 C:\xampp\htdocs\bappeda2\vendor\codeigniter4\framework\system\Common.php(1089): CodeIgniter\View\View->render('frontend/templa...', Array, true)
#8 C:\xampp\htdocs\bappeda2\app\Controllers\CFrontend.php(14): view('frontend/templa...', Array)
#9 C:\xampp\htdocs\bappeda2\vendor\codeigniter4\framework\system\CodeIgniter.php(825): App\Controllers\CFrontend->index()
#10 C:\xampp\htdocs\bappeda2\vendor\codeigniter4\framework\system\CodeIgniter.php(412): CodeIgniter\CodeIgniter->runController(Object(App\Controllers\CFrontend))
#11 C:\xampp\htdocs\bappeda2\vendor\codeigniter4\framework\system\CodeIgniter.php(320): CodeIgniter\CodeIgniter->handleRequest(NULL, Object(Config\Cache), false)
#12 C:\xampp\htdocs\bappeda2\public\index.php(37): CodeIgniter\CodeIgniter->run()
#13 C:\xampp\htdocs\bappeda2\vendor\codeigniter4\framework\system\Commands\Server\rewrite.php(43): require_once('C:\\xampp\\htdocs...')
#14 {main}
CRITICAL - 2022-02-04 17:03:47 --> Undefined variable $data
#0 C:\xampp\htdocs\bappeda2\app\Views\frontend\template\header.php(10): CodeIgniter\Debug\Exceptions->errorHandler(2, 'Undefined varia...', 'C:\\xampp\\htdocs...', 10)
#1 C:\xampp\htdocs\bappeda2\vendor\codeigniter4\framework\system\View\View.php(210): include('C:\\xampp\\htdocs...')
#2 C:\xampp\htdocs\bappeda2\vendor\codeigniter4\framework\system\View\View.php(213): CodeIgniter\View\View->CodeIgniter\View\{closure}()
#3 C:\xampp\htdocs\bappeda2\vendor\codeigniter4\framework\system\Common.php(1089): CodeIgniter\View\View->render('frontend/templa...', Array, true)
#4 C:\xampp\htdocs\bappeda2\app\Views\frontend\template\wraper.php(2): view('frontend/templa...')
#5 C:\xampp\htdocs\bappeda2\vendor\codeigniter4\framework\system\View\View.php(210): include('C:\\xampp\\htdocs...')
#6 C:\xampp\htdocs\bappeda2\vendor\codeigniter4\framework\system\View\View.php(213): CodeIgniter\View\View->CodeIgniter\View\{closure}()
#7 C:\xampp\htdocs\bappeda2\vendor\codeigniter4\framework\system\Common.php(1089): CodeIgniter\View\View->render('frontend/templa...', Array, true)
#8 C:\xampp\htdocs\bappeda2\app\Controllers\CFrontend.php(14): view('frontend/templa...', Array)
#9 C:\xampp\htdocs\bappeda2\vendor\codeigniter4\framework\system\CodeIgniter.php(825): App\Controllers\CFrontend->index()
#10 C:\xampp\htdocs\bappeda2\vendor\codeigniter4\framework\system\CodeIgniter.php(412): CodeIgniter\CodeIgniter->runController(Object(App\Controllers\CFrontend))
#11 C:\xampp\htdocs\bappeda2\vendor\codeigniter4\framework\system\CodeIgniter.php(320): CodeIgniter\CodeIgniter->handleRequest(NULL, Object(Config\Cache), false)
#12 C:\xampp\htdocs\bappeda2\public\index.php(37): CodeIgniter\CodeIgniter->run()
#13 C:\xampp\htdocs\bappeda2\vendor\codeigniter4\framework\system\Commands\Server\rewrite.php(43): require_once('C:\\xampp\\htdocs...')
#14 {main}
CRITICAL - 2022-02-04 17:03:48 --> Undefined variable $data
#0 C:\xampp\htdocs\bappeda2\app\Views\frontend\template\header.php(10): CodeIgniter\Debug\Exceptions->errorHandler(2, 'Undefined varia...', 'C:\\xampp\\htdocs...', 10)
#1 C:\xampp\htdocs\bappeda2\vendor\codeigniter4\framework\system\View\View.php(210): include('C:\\xampp\\htdocs...')
#2 C:\xampp\htdocs\bappeda2\vendor\codeigniter4\framework\system\View\View.php(213): CodeIgniter\View\View->CodeIgniter\View\{closure}()
#3 C:\xampp\htdocs\bappeda2\vendor\codeigniter4\framework\system\Common.php(1089): CodeIgniter\View\View->render('frontend/templa...', Array, true)
#4 C:\xampp\htdocs\bappeda2\app\Views\frontend\template\wraper.php(2): view('frontend/templa...')
#5 C:\xampp\htdocs\bappeda2\vendor\codeigniter4\framework\system\View\View.php(210): include('C:\\xampp\\htdocs...')
#6 C:\xampp\htdocs\bappeda2\vendor\codeigniter4\framework\system\View\View.php(213): CodeIgniter\View\View->CodeIgniter\View\{closure}()
#7 C:\xampp\htdocs\bappeda2\vendor\codeigniter4\framework\system\Common.php(1089): CodeIgniter\View\View->render('frontend/templa...', Array, true)
#8 C:\xampp\htdocs\bappeda2\app\Controllers\CFrontend.php(14): view('frontend/templa...', Array)
#9 C:\xampp\htdocs\bappeda2\vendor\codeigniter4\framework\system\CodeIgniter.php(825): App\Controllers\CFrontend->index()
#10 C:\xampp\htdocs\bappeda2\vendor\codeigniter4\framework\system\CodeIgniter.php(412): CodeIgniter\CodeIgniter->runController(Object(App\Controllers\CFrontend))
#11 C:\xampp\htdocs\bappeda2\vendor\codeigniter4\framework\system\CodeIgniter.php(320): CodeIgniter\CodeIgniter->handleRequest(NULL, Object(Config\Cache), false)
#12 C:\xampp\htdocs\bappeda2\public\index.php(37): CodeIgniter\CodeIgniter->run()
#13 C:\xampp\htdocs\bappeda2\vendor\codeigniter4\framework\system\Commands\Server\rewrite.php(43): require_once('C:\\xampp\\htdocs...')
#14 {main}
